#! /home1/c/cis5710/tools/bin/vvp
:ivl_version "11.0 (stable)" "(v11_0)";
:ivl_delay_selection "TYPICAL";
:vpi_time_precision - 12;
:vpi_module "/home1/c/cis5710/tools/lib/ivl/system.vpi";
:vpi_module "/home1/c/cis5710/tools/lib/ivl/vhdl_sys.vpi";
:vpi_module "/home1/c/cis5710/tools/lib/ivl/vhdl_textio.vpi";
:vpi_module "/home1/c/cis5710/tools/lib/ivl/v2005_math.vpi";
:vpi_module "/home1/c/cis5710/tools/lib/ivl/va_math.vpi";
S_0x25dcab0 .scope module, "test_divider" "test_divider" 2 35;
 .timescale -9 -12;
v0x2618fa0_0 .var/i "__ignore", 31 0;
v0x26190a0_0 .var/i "allTests", 31 0;
v0x2619180_0 .var/i "divTests", 31 0;
v0x2619240_0 .var/i "errors", 31 0;
v0x2619320_0 .var "exp_dividend", 15 0;
v0x2619450_0 .var "exp_quotient", 15 0;
v0x2619530_0 .var "exp_remainder", 15 0;
v0x2619610_0 .var "i_dividend", 15 0;
v0x26196d0_0 .var "i_divisor", 15 0;
v0x2619790_0 .var "i_quotient", 15 0;
v0x2619850_0 .var "i_remainder", 15 0;
v0x26198f0_0 .var/i "input_file", 31 0;
v0x26199b0_0 .net "o_1iter_dividend", 15 0, L_0x263fe60;  1 drivers
v0x2619a70_0 .net "o_1iter_quotient", 15 0, L_0x263f7c0;  1 drivers
v0x2619b10_0 .net "o_1iter_remainder", 15 0, L_0x263fc00;  1 drivers
v0x2619bb0_0 .net "o_div_quotient", 15 0, L_0x263ea40;  1 drivers
v0x2619c50_0 .net "o_div_remainder", 15 0, L_0x263e680;  1 drivers
v0x2619e00_0 .var/i "randomSeed", 31 0;
S_0x25dcc40 .scope module, "div" "lc4_divider" 2 62, 3 13 0, S_0x25dcab0;
 .timescale -9 -12;
    .port_info 0 /INPUT 16 "i_dividend";
    .port_info 1 /INPUT 16 "i_divisor";
    .port_info 2 /OUTPUT 16 "o_remainder";
    .port_info 3 /OUTPUT 16 "o_quotient";
v0x2614df0_0 .net *"_ivl_10", 31 0, L_0x263e450;  1 drivers
L_0x7f57163ac028 .functor BUFT 1, C4<0000000000000000>, C4<0>, C4<0>, C4<0>;
v0x2614ef0_0 .net *"_ivl_13", 15 0, L_0x7f57163ac028;  1 drivers
L_0x7f57163ac070 .functor BUFT 1, C4<00000000000000000000000000000000>, C4<0>, C4<0>, C4<0>;
v0x2614fd0_0 .net/2u *"_ivl_14", 31 0, L_0x7f57163ac070;  1 drivers
v0x26150c0_0 .net *"_ivl_16", 0 0, L_0x263e540;  1 drivers
L_0x7f57163ac0b8 .functor BUFT 1, C4<0000000000000000>, C4<0>, C4<0>, C4<0>;
v0x2615180_0 .net/2u *"_ivl_18", 15 0, L_0x7f57163ac0b8;  1 drivers
v0x2615260_0 .net *"_ivl_22", 31 0, L_0x263e810;  1 drivers
L_0x7f57163ac100 .functor BUFT 1, C4<0000000000000000>, C4<0>, C4<0>, C4<0>;
v0x2615340_0 .net *"_ivl_25", 15 0, L_0x7f57163ac100;  1 drivers
L_0x7f57163ac148 .functor BUFT 1, C4<00000000000000000000000000000000>, C4<0>, C4<0>, C4<0>;
v0x2615420_0 .net/2u *"_ivl_26", 31 0, L_0x7f57163ac148;  1 drivers
v0x2615500_0 .net *"_ivl_28", 0 0, L_0x263e900;  1 drivers
L_0x7f57163ac190 .functor BUFT 1, C4<0000000000000000>, C4<0>, C4<0>, C4<0>;
v0x26155c0_0 .net/2u *"_ivl_30", 15 0, L_0x7f57163ac190;  1 drivers
v0x26156a0 .array "d_inter", 0 14;
v0x26156a0_0 .net v0x26156a0 0, 15 0, L_0x263c890; 1 drivers
v0x26156a0_1 .net v0x26156a0 1, 15 0, L_0x262afc0; 1 drivers
v0x26156a0_2 .net v0x26156a0 2, 15 0, L_0x262c360; 1 drivers
v0x26156a0_3 .net v0x26156a0 3, 15 0, L_0x262d790; 1 drivers
v0x26156a0_4 .net v0x26156a0 4, 15 0, L_0x262eb40; 1 drivers
v0x26156a0_5 .net v0x26156a0 5, 15 0, L_0x2630510; 1 drivers
v0x26156a0_6 .net v0x26156a0 6, 15 0, L_0x26318c0; 1 drivers
v0x26156a0_7 .net v0x26156a0 7, 15 0, L_0x2632c70; 1 drivers
v0x26156a0_8 .net v0x26156a0 8, 15 0, L_0x2633fe0; 1 drivers
v0x26156a0_9 .net v0x26156a0 9, 15 0, L_0x26352f0; 1 drivers
v0x26156a0_10 .net v0x26156a0 10, 15 0, L_0x2636930; 1 drivers
v0x26156a0_11 .net v0x26156a0 11, 15 0, L_0x2637c40; 1 drivers
v0x26156a0_12 .net v0x26156a0 12, 15 0, L_0x2638f50; 1 drivers
v0x26156a0_13 .net v0x26156a0 13, 15 0, L_0x263a260; 1 drivers
v0x26156a0_14 .net v0x26156a0 14, 15 0, L_0x263b570; 1 drivers
v0x2615bc0_0 .net "final_q", 15 0, L_0x263dc20;  1 drivers
v0x2615c80_0 .net "final_r", 15 0, L_0x263e0b0;  1 drivers
v0x2615d20_0 .net "i_dividend", 15 0, v0x2619610_0;  1 drivers
v0x2615dc0_0 .net "i_divisor", 15 0, v0x26196d0_0;  1 drivers
v0x2616070_0 .net "o_quotient", 15 0, L_0x263ea40;  alias, 1 drivers
v0x2616150_0 .net "o_remainder", 15 0, L_0x263e680;  alias, 1 drivers
v0x2616230 .array "q_inter", 0 14;
v0x2616230_0 .net v0x2616230 0, 15 0, L_0x263c250; 1 drivers
v0x2616230_1 .net v0x2616230 1, 15 0, L_0x262a960; 1 drivers
v0x2616230_2 .net v0x2616230 2, 15 0, L_0x262bd00; 1 drivers
v0x2616230_3 .net v0x2616230 3, 15 0, L_0x262d130; 1 drivers
v0x2616230_4 .net v0x2616230 4, 15 0, L_0x262e4e0; 1 drivers
v0x2616230_5 .net v0x2616230 5, 15 0, L_0x262faa0; 1 drivers
v0x2616230_6 .net v0x2616230 6, 15 0, L_0x2631260; 1 drivers
v0x2616230_7 .net v0x2616230 7, 15 0, L_0x2632610; 1 drivers
v0x2616230_8 .net v0x2616230 8, 15 0, L_0x2633980; 1 drivers
v0x2616230_9 .net v0x2616230 9, 15 0, L_0x2634cf0; 1 drivers
v0x2616230_10 .net v0x2616230 10, 15 0, L_0x26362d0; 1 drivers
v0x2616230_11 .net v0x2616230 11, 15 0, L_0x2637640; 1 drivers
v0x2616230_12 .net v0x2616230 12, 15 0, L_0x2638950; 1 drivers
v0x2616230_13 .net v0x2616230 13, 15 0, L_0x2639c60; 1 drivers
v0x2616230_14 .net v0x2616230 14, 15 0, L_0x263af70; 1 drivers
v0x26167a0 .array "r_inter", 0 14;
v0x26167a0_0 .net v0x26167a0 0, 15 0, L_0x263c640; 1 drivers
v0x26167a0_1 .net v0x26167a0 1, 15 0, L_0x262ad20; 1 drivers
v0x26167a0_2 .net v0x26167a0 2, 15 0, L_0x262c150; 1 drivers
v0x26167a0_3 .net v0x26167a0 3, 15 0, L_0x262d580; 1 drivers
v0x26167a0_4 .net v0x26167a0 4, 15 0, L_0x262e930; 1 drivers
v0x26167a0_5 .net v0x26167a0 5, 15 0, L_0x2630300; 1 drivers
v0x26167a0_6 .net v0x26167a0 6, 15 0, L_0x26316b0; 1 drivers
v0x26167a0_7 .net v0x26167a0 7, 15 0, L_0x2632a60; 1 drivers
v0x26167a0_8 .net v0x26167a0 8, 15 0, L_0x2633dd0; 1 drivers
v0x26167a0_9 .net v0x26167a0 9, 15 0, L_0x26350e0; 1 drivers
v0x26167a0_10 .net v0x26167a0 10, 15 0, L_0x2636720; 1 drivers
v0x26167a0_11 .net v0x26167a0 11, 15 0, L_0x2637a30; 1 drivers
v0x26167a0_12 .net v0x26167a0 12, 15 0, L_0x2638d40; 1 drivers
v0x26167a0_13 .net v0x26167a0 13, 15 0, L_0x263a050; 1 drivers
v0x26167a0_14 .net v0x26167a0 14, 15 0, L_0x263b360; 1 drivers
L_0x263e450 .concat [ 16 16 0 0], v0x26196d0_0, L_0x7f57163ac028;
L_0x263e540 .cmp/eq 32, L_0x263e450, L_0x7f57163ac070;
L_0x263e680 .functor MUXZ 16, L_0x263e0b0, L_0x7f57163ac0b8, L_0x263e540, C4<>;
L_0x263e810 .concat [ 16 16 0 0], v0x26196d0_0, L_0x7f57163ac100;
L_0x263e900 .cmp/eq 32, L_0x263e810, L_0x7f57163ac148;
L_0x263ea40 .functor MUXZ 16, L_0x263dc20, L_0x7f57163ac190, L_0x263e900, C4<>;
S_0x255a630 .scope module, "divi_first" "lc4_divider_one_iter" 3 22, 3 59 0, S_0x25dcc40;
 .timescale -9 -12;
    .port_info 0 /INPUT 16 "i_dividend";
    .port_info 1 /INPUT 16 "i_divisor";
    .port_info 2 /INPUT 16 "i_remainder";
    .port_info 3 /INPUT 16 "i_quotient";
    .port_info 4 /OUTPUT 16 "o_dividend";
    .port_info 5 /OUTPUT 16 "o_remainder";
    .port_info 6 /OUTPUT 16 "o_quotient";
L_0x7f57163abc38 .functor BUFT 1, C4<0000000000000001>, C4<0>, C4<0>, C4<0>;
L_0x263b2f0 .functor AND 16, L_0x263b9c0, L_0x7f57163abc38, C4<1111111111111111>, C4<1111111111111111>;
L_0x263b1f0 .functor OR 16, L_0x263b750, L_0x263b2f0, C4<0000000000000000>, C4<0000000000000000>;
L_0x7f57163abd10 .functor BUFT 1, C4<0000000000000001>, C4<0>, C4<0>, C4<0>;
L_0x263c140 .functor OR 16, L_0x263c000, L_0x7f57163abd10, C4<0000000000000000>, C4<0000000000000000>;
v0x25d3740_0 .net *"_ivl_0", 15 0, L_0x263b750;  1 drivers
L_0x7f57163abbf0 .functor BUFT 1, C4<000000000000000>, C4<0>, C4<0>, C4<0>;
v0x25d37e0_0 .net *"_ivl_10", 14 0, L_0x7f57163abbf0;  1 drivers
v0x25f5360_0 .net/2u *"_ivl_12", 15 0, L_0x7f57163abc38;  1 drivers
v0x25f5420_0 .net *"_ivl_14", 15 0, L_0x263b2f0;  1 drivers
v0x25f5500_0 .net *"_ivl_18", 0 0, L_0x263bbf0;  1 drivers
v0x25f5610_0 .net *"_ivl_2", 14 0, L_0x263b6b0;  1 drivers
v0x25f56f0_0 .net *"_ivl_20", 15 0, L_0x263bd80;  1 drivers
v0x25f57d0_0 .net *"_ivl_22", 14 0, L_0x263bce0;  1 drivers
L_0x7f57163abc80 .functor BUFT 1, C4<0>, C4<0>, C4<0>, C4<0>;
v0x25f58b0_0 .net *"_ivl_24", 0 0, L_0x7f57163abc80;  1 drivers
v0x25f5990_0 .net *"_ivl_26", 15 0, L_0x263c000;  1 drivers
v0x25f5a70_0 .net *"_ivl_28", 14 0, L_0x263bec0;  1 drivers
L_0x7f57163abcc8 .functor BUFT 1, C4<0>, C4<0>, C4<0>, C4<0>;
v0x25f5b50_0 .net *"_ivl_30", 0 0, L_0x7f57163abcc8;  1 drivers
v0x25f5c30_0 .net/2u *"_ivl_32", 15 0, L_0x7f57163abd10;  1 drivers
v0x25f5d10_0 .net *"_ivl_34", 15 0, L_0x263c140;  1 drivers
v0x25f5df0_0 .net *"_ivl_38", 0 0, L_0x263c390;  1 drivers
L_0x7f57163abba8 .functor BUFT 1, C4<0>, C4<0>, C4<0>, C4<0>;
v0x25f5eb0_0 .net *"_ivl_4", 0 0, L_0x7f57163abba8;  1 drivers
v0x25f5f90_0 .net *"_ivl_40", 15 0, L_0x263c430;  1 drivers
v0x25f6070_0 .net *"_ivl_46", 14 0, L_0x263c770;  1 drivers
L_0x7f57163abd58 .functor BUFT 1, C4<0>, C4<0>, C4<0>, C4<0>;
v0x25f6150_0 .net *"_ivl_48", 0 0, L_0x7f57163abd58;  1 drivers
v0x25f6230_0 .net *"_ivl_6", 15 0, L_0x263b9c0;  1 drivers
v0x25f6310_0 .net *"_ivl_8", 0 0, L_0x263b890;  1 drivers
v0x25f63f0_0 .net "i_dividend", 15 0, v0x2619610_0;  alias, 1 drivers
v0x25f64d0_0 .net "i_divisor", 15 0, v0x26196d0_0;  alias, 1 drivers
L_0x7f57163abde8 .functor BUFT 1, C4<0000000000000000>, C4<0>, C4<0>, C4<0>;
v0x25f65b0_0 .net "i_quotient", 15 0, L_0x7f57163abde8;  1 drivers
L_0x7f57163abda0 .functor BUFT 1, C4<0000000000000000>, C4<0>, C4<0>, C4<0>;
v0x25f6690_0 .net "i_remainder", 15 0, L_0x7f57163abda0;  1 drivers
v0x25f6770_0 .net "o_dividend", 15 0, L_0x263c890;  alias, 1 drivers
v0x25f6850_0 .net "o_quotient", 15 0, L_0x263c250;  alias, 1 drivers
v0x25f6930_0 .net "o_remainder", 15 0, L_0x263c640;  alias, 1 drivers
v0x25f6a10_0 .net "remainder", 15 0, L_0x263b1f0;  1 drivers
L_0x263b6b0 .part L_0x7f57163abda0, 0, 15;
L_0x263b750 .concat [ 1 15 0 0], L_0x7f57163abba8, L_0x263b6b0;
L_0x263b890 .part v0x2619610_0, 15, 1;
L_0x263b9c0 .concat [ 1 15 0 0], L_0x263b890, L_0x7f57163abbf0;
L_0x263bbf0 .cmp/gt 16, v0x26196d0_0, L_0x263b1f0;
L_0x263bce0 .part L_0x7f57163abde8, 0, 15;
L_0x263bd80 .concat [ 1 15 0 0], L_0x7f57163abc80, L_0x263bce0;
L_0x263bec0 .part L_0x7f57163abde8, 0, 15;
L_0x263c000 .concat [ 1 15 0 0], L_0x7f57163abcc8, L_0x263bec0;
L_0x263c250 .functor MUXZ 16, L_0x263c140, L_0x263bd80, L_0x263bbf0, C4<>;
L_0x263c390 .cmp/ge 16, L_0x263b1f0, v0x26196d0_0;
L_0x263c430 .arith/sub 16, L_0x263b1f0, v0x26196d0_0;
L_0x263c640 .functor MUXZ 16, L_0x263b1f0, L_0x263c430, L_0x263c390, C4<>;
L_0x263c770 .part v0x2619610_0, 0, 15;
L_0x263c890 .concat [ 1 15 0 0], L_0x7f57163abd58, L_0x263c770;
S_0x25f6bd0 .scope module, "divi_last" "lc4_divider_one_iter" 3 47, 3 59 0, S_0x25dcc40;
 .timescale -9 -12;
    .port_info 0 /INPUT 16 "i_dividend";
    .port_info 1 /INPUT 16 "i_divisor";
    .port_info 2 /INPUT 16 "i_remainder";
    .port_info 3 /INPUT 16 "i_quotient";
    .port_info 4 /OUTPUT 16 "o_dividend";
    .port_info 5 /OUTPUT 16 "o_remainder";
    .port_info 6 /OUTPUT 16 "o_quotient";
L_0x7f57163abec0 .functor BUFT 1, C4<0000000000000001>, C4<0>, C4<0>, C4<0>;
L_0x263c5d0 .functor AND 16, L_0x263cd70, L_0x7f57163abec0, C4<1111111111111111>, C4<1111111111111111>;
L_0x263c4d0 .functor OR 16, L_0x263cb50, L_0x263c5d0, C4<0000000000000000>, C4<0000000000000000>;
L_0x7f57163abf98 .functor BUFT 1, C4<0000000000000001>, C4<0>, C4<0>, C4<0>;
L_0x263db60 .functor OR 16, L_0x263dac0, L_0x7f57163abf98, C4<0000000000000000>, C4<0000000000000000>;
v0x25f6d80_0 .net *"_ivl_0", 15 0, L_0x263cb50;  1 drivers
L_0x7f57163abe78 .functor BUFT 1, C4<000000000000000>, C4<0>, C4<0>, C4<0>;
v0x25f6e60_0 .net *"_ivl_10", 14 0, L_0x7f57163abe78;  1 drivers
v0x25f6f40_0 .net/2u *"_ivl_12", 15 0, L_0x7f57163abec0;  1 drivers
v0x25f7000_0 .net *"_ivl_14", 15 0, L_0x263c5d0;  1 drivers
v0x25f70e0_0 .net *"_ivl_18", 0 0, L_0x263cfa0;  1 drivers
v0x25f71f0_0 .net *"_ivl_2", 14 0, L_0x263ca20;  1 drivers
v0x25f72d0_0 .net *"_ivl_20", 15 0, L_0x263d980;  1 drivers
v0x25f73b0_0 .net *"_ivl_22", 14 0, L_0x263d850;  1 drivers
L_0x7f57163abf08 .functor BUFT 1, C4<0>, C4<0>, C4<0>, C4<0>;
v0x25f7490_0 .net *"_ivl_24", 0 0, L_0x7f57163abf08;  1 drivers
v0x25f7570_0 .net *"_ivl_26", 15 0, L_0x263dac0;  1 drivers
v0x25f7650_0 .net *"_ivl_28", 14 0, L_0x263da20;  1 drivers
L_0x7f57163abf50 .functor BUFT 1, C4<0>, C4<0>, C4<0>, C4<0>;
v0x25f7730_0 .net *"_ivl_30", 0 0, L_0x7f57163abf50;  1 drivers
v0x25f7810_0 .net/2u *"_ivl_32", 15 0, L_0x7f57163abf98;  1 drivers
v0x25f78f0_0 .net *"_ivl_34", 15 0, L_0x263db60;  1 drivers
v0x25f79d0_0 .net *"_ivl_38", 0 0, L_0x263de00;  1 drivers
L_0x7f57163abe30 .functor BUFT 1, C4<0>, C4<0>, C4<0>, C4<0>;
v0x25f7a90_0 .net *"_ivl_4", 0 0, L_0x7f57163abe30;  1 drivers
v0x25f7b70_0 .net *"_ivl_40", 15 0, L_0x263dea0;  1 drivers
v0x25f7c50_0 .net *"_ivl_46", 14 0, L_0x263e1f0;  1 drivers
L_0x7f57163abfe0 .functor BUFT 1, C4<0>, C4<0>, C4<0>, C4<0>;
v0x25f7d30_0 .net *"_ivl_48", 0 0, L_0x7f57163abfe0;  1 drivers
v0x25f7e10_0 .net *"_ivl_6", 15 0, L_0x263cd70;  1 drivers
v0x25f7ef0_0 .net *"_ivl_8", 0 0, L_0x263cc40;  1 drivers
v0x25f7fd0_0 .net "i_dividend", 15 0, L_0x263b570;  alias, 1 drivers
v0x25f80b0_0 .net "i_divisor", 15 0, v0x26196d0_0;  alias, 1 drivers
v0x25f8170_0 .net "i_quotient", 15 0, L_0x263af70;  alias, 1 drivers
v0x25f8230_0 .net "i_remainder", 15 0, L_0x263b360;  alias, 1 drivers
v0x25f8310_0 .net "o_dividend", 15 0, L_0x263e310;  1 drivers
v0x25f83f0_0 .net "o_quotient", 15 0, L_0x263dc20;  alias, 1 drivers
v0x25f84d0_0 .net "o_remainder", 15 0, L_0x263e0b0;  alias, 1 drivers
v0x25f85b0_0 .net "remainder", 15 0, L_0x263c4d0;  1 drivers
L_0x263ca20 .part L_0x263b360, 0, 15;
L_0x263cb50 .concat [ 1 15 0 0], L_0x7f57163abe30, L_0x263ca20;
L_0x263cc40 .part L_0x263b570, 15, 1;
L_0x263cd70 .concat [ 1 15 0 0], L_0x263cc40, L_0x7f57163abe78;
L_0x263cfa0 .cmp/gt 16, v0x26196d0_0, L_0x263c4d0;
L_0x263d850 .part L_0x263af70, 0, 15;
L_0x263d980 .concat [ 1 15 0 0], L_0x7f57163abf08, L_0x263d850;
L_0x263da20 .part L_0x263af70, 0, 15;
L_0x263dac0 .concat [ 1 15 0 0], L_0x7f57163abf50, L_0x263da20;
L_0x263dc20 .functor MUXZ 16, L_0x263db60, L_0x263d980, L_0x263cfa0, C4<>;
L_0x263de00 .cmp/ge 16, L_0x263c4d0, v0x26196d0_0;
L_0x263dea0 .arith/sub 16, L_0x263c4d0, v0x26196d0_0;
L_0x263e0b0 .functor MUXZ 16, L_0x263c4d0, L_0x263dea0, L_0x263de00, C4<>;
L_0x263e1f0 .part L_0x263b570, 0, 15;
L_0x263e310 .concat [ 1 15 0 0], L_0x7f57163abfe0, L_0x263e1f0;
S_0x25f8770 .scope generate, "middle_divider[1]" "middle_divider[1]" 3 33, 3 33 0, S_0x25dcc40;
 .timescale -9 -12;
P_0x25f8920 .param/l "i" 0 3 33, +C4<01>;
S_0x25f89e0 .scope module, "divi" "lc4_divider_one_iter" 3 34, 3 59 0, S_0x25f8770;
 .timescale -9 -12;
    .port_info 0 /INPUT 16 "i_dividend";
    .port_info 1 /INPUT 16 "i_divisor";
    .port_info 2 /INPUT 16 "i_remainder";
    .port_info 3 /INPUT 16 "i_quotient";
    .port_info 4 /OUTPUT 16 "o_dividend";
    .port_info 5 /OUTPUT 16 "o_remainder";
    .port_info 6 /OUTPUT 16 "o_quotient";
L_0x7f57163aa0a8 .functor BUFT 1, C4<0000000000000001>, C4<0>, C4<0>, C4<0>;
L_0x25be9f0 .functor AND 16, L_0x262a100, L_0x7f57163aa0a8, C4<1111111111111111>, C4<1111111111111111>;
L_0x25e06f0 .functor OR 16, L_0x2619f60, L_0x25be9f0, C4<0000000000000000>, C4<0000000000000000>;
L_0x7f57163aa180 .functor BUFT 1, C4<0000000000000001>, C4<0>, C4<0>, C4<0>;
L_0x25e0760 .functor OR 16, L_0x262a780, L_0x7f57163aa180, C4<0000000000000000>, C4<0000000000000000>;
v0x25f8c70_0 .net *"_ivl_0", 15 0, L_0x2619f60;  1 drivers
L_0x7f57163aa060 .functor BUFT 1, C4<000000000000000>, C4<0>, C4<0>, C4<0>;
v0x25f8d70_0 .net *"_ivl_10", 14 0, L_0x7f57163aa060;  1 drivers
v0x25f8e50_0 .net/2u *"_ivl_12", 15 0, L_0x7f57163aa0a8;  1 drivers
v0x25f8f10_0 .net *"_ivl_14", 15 0, L_0x25be9f0;  1 drivers
v0x25f8ff0_0 .net *"_ivl_18", 0 0, L_0x262a380;  1 drivers
v0x25f9100_0 .net *"_ivl_2", 14 0, L_0x2619ec0;  1 drivers
v0x25f91e0_0 .net *"_ivl_20", 15 0, L_0x262a550;  1 drivers
v0x25f92c0_0 .net *"_ivl_22", 14 0, L_0x262a470;  1 drivers
L_0x7f57163aa0f0 .functor BUFT 1, C4<0>, C4<0>, C4<0>, C4<0>;
v0x25f93a0_0 .net *"_ivl_24", 0 0, L_0x7f57163aa0f0;  1 drivers
v0x25f9480_0 .net *"_ivl_26", 15 0, L_0x262a780;  1 drivers
v0x25f9560_0 .net *"_ivl_28", 14 0, L_0x262a690;  1 drivers
L_0x7f57163aa138 .functor BUFT 1, C4<0>, C4<0>, C4<0>, C4<0>;
v0x25f9640_0 .net *"_ivl_30", 0 0, L_0x7f57163aa138;  1 drivers
v0x25f9720_0 .net/2u *"_ivl_32", 15 0, L_0x7f57163aa180;  1 drivers
v0x25f9800_0 .net *"_ivl_34", 15 0, L_0x25e0760;  1 drivers
v0x25f98e0_0 .net *"_ivl_38", 0 0, L_0x262ab00;  1 drivers
L_0x7f57163aa018 .functor BUFT 1, C4<0>, C4<0>, C4<0>, C4<0>;
v0x25f99a0_0 .net *"_ivl_4", 0 0, L_0x7f57163aa018;  1 drivers
v0x25f9a80_0 .net *"_ivl_40", 15 0, L_0x262aba0;  1 drivers
v0x25f9c70_0 .net *"_ivl_46", 14 0, L_0x262ae10;  1 drivers
L_0x7f57163aa1c8 .functor BUFT 1, C4<0>, C4<0>, C4<0>, C4<0>;
v0x25f9d50_0 .net *"_ivl_48", 0 0, L_0x7f57163aa1c8;  1 drivers
v0x25f9e30_0 .net *"_ivl_6", 15 0, L_0x262a100;  1 drivers
v0x25f9f10_0 .net *"_ivl_8", 0 0, L_0x261a050;  1 drivers
v0x25f9ff0_0 .net "i_dividend", 15 0, L_0x263c890;  alias, 1 drivers
v0x25fa0b0_0 .net "i_divisor", 15 0, v0x26196d0_0;  alias, 1 drivers
v0x25fa150_0 .net "i_quotient", 15 0, L_0x263c250;  alias, 1 drivers
v0x25fa210_0 .net "i_remainder", 15 0, L_0x263c640;  alias, 1 drivers
v0x25fa2b0_0 .net "o_dividend", 15 0, L_0x262afc0;  alias, 1 drivers
v0x25fa370_0 .net "o_quotient", 15 0, L_0x262a960;  alias, 1 drivers
v0x25fa450_0 .net "o_remainder", 15 0, L_0x262ad20;  alias, 1 drivers
v0x25fa530_0 .net "remainder", 15 0, L_0x25e06f0;  1 drivers
L_0x2619ec0 .part L_0x263c640, 0, 15;
L_0x2619f60 .concat [ 1 15 0 0], L_0x7f57163aa018, L_0x2619ec0;
L_0x261a050 .part L_0x263c890, 15, 1;
L_0x262a100 .concat [ 1 15 0 0], L_0x261a050, L_0x7f57163aa060;
L_0x262a380 .cmp/gt 16, v0x26196d0_0, L_0x25e06f0;
L_0x262a470 .part L_0x263c250, 0, 15;
L_0x262a550 .concat [ 1 15 0 0], L_0x7f57163aa0f0, L_0x262a470;
L_0x262a690 .part L_0x263c250, 0, 15;
L_0x262a780 .concat [ 1 15 0 0], L_0x7f57163aa138, L_0x262a690;
L_0x262a960 .functor MUXZ 16, L_0x25e0760, L_0x262a550, L_0x262a380, C4<>;
L_0x262ab00 .cmp/ge 16, L_0x25e06f0, v0x26196d0_0;
L_0x262aba0 .arith/sub 16, L_0x25e06f0, v0x26196d0_0;
L_0x262ad20 .functor MUXZ 16, L_0x25e06f0, L_0x262aba0, L_0x262ab00, C4<>;
L_0x262ae10 .part L_0x263c890, 0, 15;
L_0x262afc0 .concat [ 1 15 0 0], L_0x7f57163aa1c8, L_0x262ae10;
S_0x25fa6f0 .scope generate, "middle_divider[2]" "middle_divider[2]" 3 33, 3 33 0, S_0x25dcc40;
 .timescale -9 -12;
P_0x25fa8f0 .param/l "i" 0 3 33, +C4<010>;
S_0x25fa9d0 .scope module, "divi" "lc4_divider_one_iter" 3 34, 3 59 0, S_0x25fa6f0;
 .timescale -9 -12;
    .port_info 0 /INPUT 16 "i_dividend";
    .port_info 1 /INPUT 16 "i_divisor";
    .port_info 2 /INPUT 16 "i_remainder";
    .port_info 3 /INPUT 16 "i_quotient";
    .port_info 4 /OUTPUT 16 "o_dividend";
    .port_info 5 /OUTPUT 16 "o_remainder";
    .port_info 6 /OUTPUT 16 "o_quotient";
L_0x7f57163aa2a0 .functor BUFT 1, C4<0000000000000001>, C4<0>, C4<0>, C4<0>;
L_0x262acb0 .functor AND 16, L_0x262b490, L_0x7f57163aa2a0, C4<1111111111111111>, C4<1111111111111111>;
L_0x262ac40 .functor OR 16, L_0x262b1e0, L_0x262acb0, C4<0000000000000000>, C4<0000000000000000>;
L_0x7f57163aa378 .functor BUFT 1, C4<0000000000000001>, C4<0>, C4<0>, C4<0>;
L_0x262bbf0 .functor OR 16, L_0x262bab0, L_0x7f57163aa378, C4<0000000000000000>, C4<0000000000000000>;
v0x25fac60_0 .net *"_ivl_0", 15 0, L_0x262b1e0;  1 drivers
L_0x7f57163aa258 .functor BUFT 1, C4<000000000000000>, C4<0>, C4<0>, C4<0>;
v0x25fad60_0 .net *"_ivl_10", 14 0, L_0x7f57163aa258;  1 drivers
v0x25fae40_0 .net/2u *"_ivl_12", 15 0, L_0x7f57163aa2a0;  1 drivers
v0x25faf30_0 .net *"_ivl_14", 15 0, L_0x262acb0;  1 drivers
v0x25fb010_0 .net *"_ivl_18", 0 0, L_0x262b670;  1 drivers
v0x25fb120_0 .net *"_ivl_2", 14 0, L_0x262b0b0;  1 drivers
v0x25fb200_0 .net *"_ivl_20", 15 0, L_0x262b8d0;  1 drivers
v0x25fb2e0_0 .net *"_ivl_22", 14 0, L_0x262b760;  1 drivers
L_0x7f57163aa2e8 .functor BUFT 1, C4<0>, C4<0>, C4<0>, C4<0>;
v0x25fb3c0_0 .net *"_ivl_24", 0 0, L_0x7f57163aa2e8;  1 drivers
v0x25fb4a0_0 .net *"_ivl_26", 15 0, L_0x262bab0;  1 drivers
v0x25fb580_0 .net *"_ivl_28", 14 0, L_0x262b9c0;  1 drivers
L_0x7f57163aa330 .functor BUFT 1, C4<0>, C4<0>, C4<0>, C4<0>;
v0x25fb660_0 .net *"_ivl_30", 0 0, L_0x7f57163aa330;  1 drivers
v0x25fb740_0 .net/2u *"_ivl_32", 15 0, L_0x7f57163aa378;  1 drivers
v0x25fb820_0 .net *"_ivl_34", 15 0, L_0x262bbf0;  1 drivers
v0x25fb900_0 .net *"_ivl_38", 0 0, L_0x262bea0;  1 drivers
L_0x7f57163aa210 .functor BUFT 1, C4<0>, C4<0>, C4<0>, C4<0>;
v0x25fb9c0_0 .net *"_ivl_4", 0 0, L_0x7f57163aa210;  1 drivers
v0x25fbaa0_0 .net *"_ivl_40", 15 0, L_0x262bf40;  1 drivers
v0x25fbc90_0 .net *"_ivl_46", 14 0, L_0x262c240;  1 drivers
L_0x7f57163aa3c0 .functor BUFT 1, C4<0>, C4<0>, C4<0>, C4<0>;
v0x25fbd70_0 .net *"_ivl_48", 0 0, L_0x7f57163aa3c0;  1 drivers
v0x25fbe50_0 .net *"_ivl_6", 15 0, L_0x262b490;  1 drivers
v0x25fbf30_0 .net *"_ivl_8", 0 0, L_0x262b2d0;  1 drivers
v0x25fc010_0 .net "i_dividend", 15 0, L_0x262afc0;  alias, 1 drivers
v0x25fc0d0_0 .net "i_divisor", 15 0, v0x26196d0_0;  alias, 1 drivers
v0x25fc170_0 .net "i_quotient", 15 0, L_0x262a960;  alias, 1 drivers
v0x25fc260_0 .net "i_remainder", 15 0, L_0x262ad20;  alias, 1 drivers
v0x25fc330_0 .net "o_dividend", 15 0, L_0x262c360;  alias, 1 drivers
v0x25fc3f0_0 .net "o_quotient", 15 0, L_0x262bd00;  alias, 1 drivers
v0x25fc4d0_0 .net "o_remainder", 15 0, L_0x262c150;  alias, 1 drivers
v0x25fc5b0_0 .net "remainder", 15 0, L_0x262ac40;  1 drivers
L_0x262b0b0 .part L_0x262ad20, 0, 15;
L_0x262b1e0 .concat [ 1 15 0 0], L_0x7f57163aa210, L_0x262b0b0;
L_0x262b2d0 .part L_0x262afc0, 15, 1;
L_0x262b490 .concat [ 1 15 0 0], L_0x262b2d0, L_0x7f57163aa258;
L_0x262b670 .cmp/gt 16, v0x26196d0_0, L_0x262ac40;
L_0x262b760 .part L_0x262a960, 0, 15;
L_0x262b8d0 .concat [ 1 15 0 0], L_0x7f57163aa2e8, L_0x262b760;
L_0x262b9c0 .part L_0x262a960, 0, 15;
L_0x262bab0 .concat [ 1 15 0 0], L_0x7f57163aa330, L_0x262b9c0;
L_0x262bd00 .functor MUXZ 16, L_0x262bbf0, L_0x262b8d0, L_0x262b670, C4<>;
L_0x262bea0 .cmp/ge 16, L_0x262ac40, v0x26196d0_0;
L_0x262bf40 .arith/sub 16, L_0x262ac40, v0x26196d0_0;
L_0x262c150 .functor MUXZ 16, L_0x262ac40, L_0x262bf40, L_0x262bea0, C4<>;
L_0x262c240 .part L_0x262afc0, 0, 15;
L_0x262c360 .concat [ 1 15 0 0], L_0x7f57163aa3c0, L_0x262c240;
S_0x25fc770 .scope generate, "middle_divider[3]" "middle_divider[3]" 3 33, 3 33 0, S_0x25dcc40;
 .timescale -9 -12;
P_0x25fc970 .param/l "i" 0 3 33, +C4<011>;
S_0x25fca50 .scope module, "divi" "lc4_divider_one_iter" 3 34, 3 59 0, S_0x25fc770;
 .timescale -9 -12;
    .port_info 0 /INPUT 16 "i_dividend";
    .port_info 1 /INPUT 16 "i_divisor";
    .port_info 2 /INPUT 16 "i_remainder";
    .port_info 3 /INPUT 16 "i_quotient";
    .port_info 4 /OUTPUT 16 "o_dividend";
    .port_info 5 /OUTPUT 16 "o_remainder";
    .port_info 6 /OUTPUT 16 "o_quotient";
L_0x7f57163aa498 .functor BUFT 1, C4<0000000000000001>, C4<0>, C4<0>, C4<0>;
L_0x262c0e0 .functor AND 16, L_0x262c7f0, L_0x7f57163aa498, C4<1111111111111111>, C4<1111111111111111>;
L_0x262bfe0 .functor OR 16, L_0x262c5d0, L_0x262c0e0, C4<0000000000000000>, C4<0000000000000000>;
L_0x7f57163aa570 .functor BUFT 1, C4<0000000000000001>, C4<0>, C4<0>, C4<0>;
L_0x262d020 .functor OR 16, L_0x262cee0, L_0x7f57163aa570, C4<0000000000000000>, C4<0000000000000000>;
v0x25fcce0_0 .net *"_ivl_0", 15 0, L_0x262c5d0;  1 drivers
L_0x7f57163aa450 .functor BUFT 1, C4<000000000000000>, C4<0>, C4<0>, C4<0>;
v0x25fcde0_0 .net *"_ivl_10", 14 0, L_0x7f57163aa450;  1 drivers
v0x25fcec0_0 .net/2u *"_ivl_12", 15 0, L_0x7f57163aa498;  1 drivers
v0x25fcf80_0 .net *"_ivl_14", 15 0, L_0x262c0e0;  1 drivers
v0x25fd060_0 .net *"_ivl_18", 0 0, L_0x262cb30;  1 drivers
v0x25fd170_0 .net *"_ivl_2", 14 0, L_0x262c4a0;  1 drivers
v0x25fd250_0 .net *"_ivl_20", 15 0, L_0x262cd00;  1 drivers
v0x25fd330_0 .net *"_ivl_22", 14 0, L_0x262cc20;  1 drivers
L_0x7f57163aa4e0 .functor BUFT 1, C4<0>, C4<0>, C4<0>, C4<0>;
v0x25fd410_0 .net *"_ivl_24", 0 0, L_0x7f57163aa4e0;  1 drivers
v0x25fd4f0_0 .net *"_ivl_26", 15 0, L_0x262cee0;  1 drivers
v0x25fd5d0_0 .net *"_ivl_28", 14 0, L_0x262cdf0;  1 drivers
L_0x7f57163aa528 .functor BUFT 1, C4<0>, C4<0>, C4<0>, C4<0>;
v0x25fd6b0_0 .net *"_ivl_30", 0 0, L_0x7f57163aa528;  1 drivers
v0x25fd790_0 .net/2u *"_ivl_32", 15 0, L_0x7f57163aa570;  1 drivers
v0x25fd870_0 .net *"_ivl_34", 15 0, L_0x262d020;  1 drivers
v0x25fd950_0 .net *"_ivl_38", 0 0, L_0x262d2d0;  1 drivers
L_0x7f57163aa408 .functor BUFT 1, C4<0>, C4<0>, C4<0>, C4<0>;
v0x25fda10_0 .net *"_ivl_4", 0 0, L_0x7f57163aa408;  1 drivers
v0x25fdaf0_0 .net *"_ivl_40", 15 0, L_0x262d370;  1 drivers
v0x25fdce0_0 .net *"_ivl_46", 14 0, L_0x262d670;  1 drivers
L_0x7f57163aa5b8 .functor BUFT 1, C4<0>, C4<0>, C4<0>, C4<0>;
v0x25fddc0_0 .net *"_ivl_48", 0 0, L_0x7f57163aa5b8;  1 drivers
v0x25fdea0_0 .net *"_ivl_6", 15 0, L_0x262c7f0;  1 drivers
v0x25fdf80_0 .net *"_ivl_8", 0 0, L_0x262c6c0;  1 drivers
v0x25fe060_0 .net "i_dividend", 15 0, L_0x262c360;  alias, 1 drivers
v0x25fe120_0 .net "i_divisor", 15 0, v0x26196d0_0;  alias, 1 drivers
v0x25fe1c0_0 .net "i_quotient", 15 0, L_0x262bd00;  alias, 1 drivers
v0x25fe2b0_0 .net "i_remainder", 15 0, L_0x262c150;  alias, 1 drivers
v0x25fe380_0 .net "o_dividend", 15 0, L_0x262d790;  alias, 1 drivers
v0x25fe440_0 .net "o_quotient", 15 0, L_0x262d130;  alias, 1 drivers
v0x25fe520_0 .net "o_remainder", 15 0, L_0x262d580;  alias, 1 drivers
v0x25fe600_0 .net "remainder", 15 0, L_0x262bfe0;  1 drivers
L_0x262c4a0 .part L_0x262c150, 0, 15;
L_0x262c5d0 .concat [ 1 15 0 0], L_0x7f57163aa408, L_0x262c4a0;
L_0x262c6c0 .part L_0x262c360, 15, 1;
L_0x262c7f0 .concat [ 1 15 0 0], L_0x262c6c0, L_0x7f57163aa450;
L_0x262cb30 .cmp/gt 16, v0x26196d0_0, L_0x262bfe0;
L_0x262cc20 .part L_0x262bd00, 0, 15;
L_0x262cd00 .concat [ 1 15 0 0], L_0x7f57163aa4e0, L_0x262cc20;
L_0x262cdf0 .part L_0x262bd00, 0, 15;
L_0x262cee0 .concat [ 1 15 0 0], L_0x7f57163aa528, L_0x262cdf0;
L_0x262d130 .functor MUXZ 16, L_0x262d020, L_0x262cd00, L_0x262cb30, C4<>;
L_0x262d2d0 .cmp/ge 16, L_0x262bfe0, v0x26196d0_0;
L_0x262d370 .arith/sub 16, L_0x262bfe0, v0x26196d0_0;
L_0x262d580 .functor MUXZ 16, L_0x262bfe0, L_0x262d370, L_0x262d2d0, C4<>;
L_0x262d670 .part L_0x262c360, 0, 15;
L_0x262d790 .concat [ 1 15 0 0], L_0x7f57163aa5b8, L_0x262d670;
S_0x25fe7c0 .scope generate, "middle_divider[4]" "middle_divider[4]" 3 33, 3 33 0, S_0x25dcc40;
 .timescale -9 -12;
P_0x25fd100 .param/l "i" 0 3 33, +C4<0100>;
S_0x25fea00 .scope module, "divi" "lc4_divider_one_iter" 3 34, 3 59 0, S_0x25fe7c0;
 .timescale -9 -12;
    .port_info 0 /INPUT 16 "i_dividend";
    .port_info 1 /INPUT 16 "i_divisor";
    .port_info 2 /INPUT 16 "i_remainder";
    .port_info 3 /INPUT 16 "i_quotient";
    .port_info 4 /OUTPUT 16 "o_dividend";
    .port_info 5 /OUTPUT 16 "o_remainder";
    .port_info 6 /OUTPUT 16 "o_quotient";
L_0x7f57163aa690 .functor BUFT 1, C4<0000000000000001>, C4<0>, C4<0>, C4<0>;
L_0x262d510 .functor AND 16, L_0x262dc20, L_0x7f57163aa690, C4<1111111111111111>, C4<1111111111111111>;
L_0x262d410 .functor OR 16, L_0x262da00, L_0x262d510, C4<0000000000000000>, C4<0000000000000000>;
L_0x7f57163aa768 .functor BUFT 1, C4<0000000000000001>, C4<0>, C4<0>, C4<0>;
L_0x262e3d0 .functor OR 16, L_0x262e290, L_0x7f57163aa768, C4<0000000000000000>, C4<0000000000000000>;
v0x25fec90_0 .net *"_ivl_0", 15 0, L_0x262da00;  1 drivers
L_0x7f57163aa648 .functor BUFT 1, C4<000000000000000>, C4<0>, C4<0>, C4<0>;
v0x25fed90_0 .net *"_ivl_10", 14 0, L_0x7f57163aa648;  1 drivers
v0x25fee70_0 .net/2u *"_ivl_12", 15 0, L_0x7f57163aa690;  1 drivers
v0x25fef60_0 .net *"_ivl_14", 15 0, L_0x262d510;  1 drivers
v0x25ff040_0 .net *"_ivl_18", 0 0, L_0x262de50;  1 drivers
v0x25ff150_0 .net *"_ivl_2", 14 0, L_0x262d8d0;  1 drivers
v0x25ff230_0 .net *"_ivl_20", 15 0, L_0x262e0b0;  1 drivers
v0x25ff310_0 .net *"_ivl_22", 14 0, L_0x262df40;  1 drivers
L_0x7f57163aa6d8 .functor BUFT 1, C4<0>, C4<0>, C4<0>, C4<0>;
v0x25ff3f0_0 .net *"_ivl_24", 0 0, L_0x7f57163aa6d8;  1 drivers
v0x25ff560_0 .net *"_ivl_26", 15 0, L_0x262e290;  1 drivers
v0x25ff640_0 .net *"_ivl_28", 14 0, L_0x262e1a0;  1 drivers
L_0x7f57163aa720 .functor BUFT 1, C4<0>, C4<0>, C4<0>, C4<0>;
v0x25ff720_0 .net *"_ivl_30", 0 0, L_0x7f57163aa720;  1 drivers
v0x25ff800_0 .net/2u *"_ivl_32", 15 0, L_0x7f57163aa768;  1 drivers
v0x25ff8e0_0 .net *"_ivl_34", 15 0, L_0x262e3d0;  1 drivers
v0x25ff9c0_0 .net *"_ivl_38", 0 0, L_0x262e680;  1 drivers
L_0x7f57163aa600 .functor BUFT 1, C4<0>, C4<0>, C4<0>, C4<0>;
v0x25ffa80_0 .net *"_ivl_4", 0 0, L_0x7f57163aa600;  1 drivers
v0x25ffb60_0 .net *"_ivl_40", 15 0, L_0x262e720;  1 drivers
v0x25ffd50_0 .net *"_ivl_46", 14 0, L_0x262ea20;  1 drivers
L_0x7f57163aa7b0 .functor BUFT 1, C4<0>, C4<0>, C4<0>, C4<0>;
v0x25ffe30_0 .net *"_ivl_48", 0 0, L_0x7f57163aa7b0;  1 drivers
v0x25fff10_0 .net *"_ivl_6", 15 0, L_0x262dc20;  1 drivers
v0x25ffff0_0 .net *"_ivl_8", 0 0, L_0x262daf0;  1 drivers
v0x26000d0_0 .net "i_dividend", 15 0, L_0x262d790;  alias, 1 drivers
v0x2600190_0 .net "i_divisor", 15 0, v0x26196d0_0;  alias, 1 drivers
v0x2600230_0 .net "i_quotient", 15 0, L_0x262d130;  alias, 1 drivers
v0x2600320_0 .net "i_remainder", 15 0, L_0x262d580;  alias, 1 drivers
v0x26003f0_0 .net "o_dividend", 15 0, L_0x262eb40;  alias, 1 drivers
v0x26004b0_0 .net "o_quotient", 15 0, L_0x262e4e0;  alias, 1 drivers
v0x2600590_0 .net "o_remainder", 15 0, L_0x262e930;  alias, 1 drivers
v0x2600670_0 .net "remainder", 15 0, L_0x262d410;  1 drivers
L_0x262d8d0 .part L_0x262d580, 0, 15;
L_0x262da00 .concat [ 1 15 0 0], L_0x7f57163aa600, L_0x262d8d0;
L_0x262daf0 .part L_0x262d790, 15, 1;
L_0x262dc20 .concat [ 1 15 0 0], L_0x262daf0, L_0x7f57163aa648;
L_0x262de50 .cmp/gt 16, v0x26196d0_0, L_0x262d410;
L_0x262df40 .part L_0x262d130, 0, 15;
L_0x262e0b0 .concat [ 1 15 0 0], L_0x7f57163aa6d8, L_0x262df40;
L_0x262e1a0 .part L_0x262d130, 0, 15;
L_0x262e290 .concat [ 1 15 0 0], L_0x7f57163aa720, L_0x262e1a0;
L_0x262e4e0 .functor MUXZ 16, L_0x262e3d0, L_0x262e0b0, L_0x262de50, C4<>;
L_0x262e680 .cmp/ge 16, L_0x262d410, v0x26196d0_0;
L_0x262e720 .arith/sub 16, L_0x262d410, v0x26196d0_0;
L_0x262e930 .functor MUXZ 16, L_0x262d410, L_0x262e720, L_0x262e680, C4<>;
L_0x262ea20 .part L_0x262d790, 0, 15;
L_0x262eb40 .concat [ 1 15 0 0], L_0x7f57163aa7b0, L_0x262ea20;
S_0x2600870 .scope generate, "middle_divider[5]" "middle_divider[5]" 3 33, 3 33 0, S_0x25dcc40;
 .timescale -9 -12;
P_0x2600a20 .param/l "i" 0 3 33, +C4<0101>;
S_0x2600b00 .scope module, "divi" "lc4_divider_one_iter" 3 34, 3 59 0, S_0x2600870;
 .timescale -9 -12;
    .port_info 0 /INPUT 16 "i_dividend";
    .port_info 1 /INPUT 16 "i_divisor";
    .port_info 2 /INPUT 16 "i_remainder";
    .port_info 3 /INPUT 16 "i_quotient";
    .port_info 4 /OUTPUT 16 "o_dividend";
    .port_info 5 /OUTPUT 16 "o_remainder";
    .port_info 6 /OUTPUT 16 "o_quotient";
L_0x7f57163aa888 .functor BUFT 1, C4<0000000000000001>, C4<0>, C4<0>, C4<0>;
L_0x262e8c0 .functor AND 16, L_0x262efd0, L_0x7f57163aa888, C4<1111111111111111>, C4<1111111111111111>;
L_0x262e7c0 .functor OR 16, L_0x262edb0, L_0x262e8c0, C4<0000000000000000>, C4<0000000000000000>;
L_0x7f57163aa960 .functor BUFT 1, C4<0000000000000001>, C4<0>, C4<0>, C4<0>;
L_0x262f990 .functor OR 16, L_0x262f850, L_0x7f57163aa960, C4<0000000000000000>, C4<0000000000000000>;
v0x2600d90_0 .net *"_ivl_0", 15 0, L_0x262edb0;  1 drivers
L_0x7f57163aa840 .functor BUFT 1, C4<000000000000000>, C4<0>, C4<0>, C4<0>;
v0x2600e90_0 .net *"_ivl_10", 14 0, L_0x7f57163aa840;  1 drivers
v0x2600f70_0 .net/2u *"_ivl_12", 15 0, L_0x7f57163aa888;  1 drivers
v0x2601060_0 .net *"_ivl_14", 15 0, L_0x262e8c0;  1 drivers
v0x2601140_0 .net *"_ivl_18", 0 0, L_0x262f200;  1 drivers
v0x2601250_0 .net *"_ivl_2", 14 0, L_0x262ec80;  1 drivers
v0x2601330_0 .net *"_ivl_20", 15 0, L_0x262f460;  1 drivers
v0x2601410_0 .net *"_ivl_22", 14 0, L_0x262f2f0;  1 drivers
L_0x7f57163aa8d0 .functor BUFT 1, C4<0>, C4<0>, C4<0>, C4<0>;
v0x26014f0_0 .net *"_ivl_24", 0 0, L_0x7f57163aa8d0;  1 drivers
v0x26015d0_0 .net *"_ivl_26", 15 0, L_0x262f850;  1 drivers
v0x26016b0_0 .net *"_ivl_28", 14 0, L_0x262f550;  1 drivers
L_0x7f57163aa918 .functor BUFT 1, C4<0>, C4<0>, C4<0>, C4<0>;
v0x2601790_0 .net *"_ivl_30", 0 0, L_0x7f57163aa918;  1 drivers
v0x2601870_0 .net/2u *"_ivl_32", 15 0, L_0x7f57163aa960;  1 drivers
v0x2601950_0 .net *"_ivl_34", 15 0, L_0x262f990;  1 drivers
v0x2601a30_0 .net *"_ivl_38", 0 0, L_0x262fc40;  1 drivers
L_0x7f57163aa7f8 .functor BUFT 1, C4<0>, C4<0>, C4<0>, C4<0>;
v0x2601af0_0 .net *"_ivl_4", 0 0, L_0x7f57163aa7f8;  1 drivers
v0x2601bd0_0 .net *"_ivl_40", 15 0, L_0x26300f0;  1 drivers
v0x2601dc0_0 .net *"_ivl_46", 14 0, L_0x26303f0;  1 drivers
L_0x7f57163aa9a8 .functor BUFT 1, C4<0>, C4<0>, C4<0>, C4<0>;
v0x2601ea0_0 .net *"_ivl_48", 0 0, L_0x7f57163aa9a8;  1 drivers
v0x2601f80_0 .net *"_ivl_6", 15 0, L_0x262efd0;  1 drivers
v0x2602060_0 .net *"_ivl_8", 0 0, L_0x262eea0;  1 drivers
v0x2602140_0 .net "i_dividend", 15 0, L_0x262eb40;  alias, 1 drivers
v0x2602200_0 .net "i_divisor", 15 0, v0x26196d0_0;  alias, 1 drivers
v0x26022a0_0 .net "i_quotient", 15 0, L_0x262e4e0;  alias, 1 drivers
v0x2602390_0 .net "i_remainder", 15 0, L_0x262e930;  alias, 1 drivers
v0x2602460_0 .net "o_dividend", 15 0, L_0x2630510;  alias, 1 drivers
v0x2602520_0 .net "o_quotient", 15 0, L_0x262faa0;  alias, 1 drivers
v0x2602600_0 .net "o_remainder", 15 0, L_0x2630300;  alias, 1 drivers
v0x26026e0_0 .net "remainder", 15 0, L_0x262e7c0;  1 drivers
L_0x262ec80 .part L_0x262e930, 0, 15;
L_0x262edb0 .concat [ 1 15 0 0], L_0x7f57163aa7f8, L_0x262ec80;
L_0x262eea0 .part L_0x262eb40, 15, 1;
L_0x262efd0 .concat [ 1 15 0 0], L_0x262eea0, L_0x7f57163aa840;
L_0x262f200 .cmp/gt 16, v0x26196d0_0, L_0x262e7c0;
L_0x262f2f0 .part L_0x262e4e0, 0, 15;
L_0x262f460 .concat [ 1 15 0 0], L_0x7f57163aa8d0, L_0x262f2f0;
L_0x262f550 .part L_0x262e4e0, 0, 15;
L_0x262f850 .concat [ 1 15 0 0], L_0x7f57163aa918, L_0x262f550;
L_0x262faa0 .functor MUXZ 16, L_0x262f990, L_0x262f460, L_0x262f200, C4<>;
L_0x262fc40 .cmp/ge 16, L_0x262e7c0, v0x26196d0_0;
L_0x26300f0 .arith/sub 16, L_0x262e7c0, v0x26196d0_0;
L_0x2630300 .functor MUXZ 16, L_0x262e7c0, L_0x26300f0, L_0x262fc40, C4<>;
L_0x26303f0 .part L_0x262eb40, 0, 15;
L_0x2630510 .concat [ 1 15 0 0], L_0x7f57163aa9a8, L_0x26303f0;
S_0x26028e0 .scope generate, "middle_divider[6]" "middle_divider[6]" 3 33, 3 33 0, S_0x25dcc40;
 .timescale -9 -12;
P_0x2602a90 .param/l "i" 0 3 33, +C4<0110>;
S_0x2602b70 .scope module, "divi" "lc4_divider_one_iter" 3 34, 3 59 0, S_0x26028e0;
 .timescale -9 -12;
    .port_info 0 /INPUT 16 "i_dividend";
    .port_info 1 /INPUT 16 "i_divisor";
    .port_info 2 /INPUT 16 "i_remainder";
    .port_info 3 /INPUT 16 "i_quotient";
    .port_info 4 /OUTPUT 16 "o_dividend";
    .port_info 5 /OUTPUT 16 "o_remainder";
    .port_info 6 /OUTPUT 16 "o_quotient";
L_0x7f57163aaa80 .functor BUFT 1, C4<0000000000000001>, C4<0>, C4<0>, C4<0>;
L_0x2630290 .functor AND 16, L_0x26309a0, L_0x7f57163aaa80, C4<1111111111111111>, C4<1111111111111111>;
L_0x2630190 .functor OR 16, L_0x2630780, L_0x2630290, C4<0000000000000000>, C4<0000000000000000>;
L_0x7f57163aab58 .functor BUFT 1, C4<0000000000000001>, C4<0>, C4<0>, C4<0>;
L_0x2631150 .functor OR 16, L_0x2631010, L_0x7f57163aab58, C4<0000000000000000>, C4<0000000000000000>;
v0x2602e00_0 .net *"_ivl_0", 15 0, L_0x2630780;  1 drivers
L_0x7f57163aaa38 .functor BUFT 1, C4<000000000000000>, C4<0>, C4<0>, C4<0>;
v0x2602f00_0 .net *"_ivl_10", 14 0, L_0x7f57163aaa38;  1 drivers
v0x2602fe0_0 .net/2u *"_ivl_12", 15 0, L_0x7f57163aaa80;  1 drivers
v0x26030d0_0 .net *"_ivl_14", 15 0, L_0x2630290;  1 drivers
v0x26031b0_0 .net *"_ivl_18", 0 0, L_0x2630bd0;  1 drivers
v0x26032c0_0 .net *"_ivl_2", 14 0, L_0x2630650;  1 drivers
v0x26033a0_0 .net *"_ivl_20", 15 0, L_0x2630e30;  1 drivers
v0x2603480_0 .net *"_ivl_22", 14 0, L_0x2630cc0;  1 drivers
L_0x7f57163aaac8 .functor BUFT 1, C4<0>, C4<0>, C4<0>, C4<0>;
v0x2603560_0 .net *"_ivl_24", 0 0, L_0x7f57163aaac8;  1 drivers
v0x2603640_0 .net *"_ivl_26", 15 0, L_0x2631010;  1 drivers
v0x2603720_0 .net *"_ivl_28", 14 0, L_0x2630f20;  1 drivers
L_0x7f57163aab10 .functor BUFT 1, C4<0>, C4<0>, C4<0>, C4<0>;
v0x2603800_0 .net *"_ivl_30", 0 0, L_0x7f57163aab10;  1 drivers
v0x26038e0_0 .net/2u *"_ivl_32", 15 0, L_0x7f57163aab58;  1 drivers
v0x26039c0_0 .net *"_ivl_34", 15 0, L_0x2631150;  1 drivers
v0x2603aa0_0 .net *"_ivl_38", 0 0, L_0x2631400;  1 drivers
L_0x7f57163aa9f0 .functor BUFT 1, C4<0>, C4<0>, C4<0>, C4<0>;
v0x2603b60_0 .net *"_ivl_4", 0 0, L_0x7f57163aa9f0;  1 drivers
v0x2603c40_0 .net *"_ivl_40", 15 0, L_0x26314a0;  1 drivers
v0x2603e30_0 .net *"_ivl_46", 14 0, L_0x26317a0;  1 drivers
L_0x7f57163aaba0 .functor BUFT 1, C4<0>, C4<0>, C4<0>, C4<0>;
v0x2603f10_0 .net *"_ivl_48", 0 0, L_0x7f57163aaba0;  1 drivers
v0x2603ff0_0 .net *"_ivl_6", 15 0, L_0x26309a0;  1 drivers
v0x26040d0_0 .net *"_ivl_8", 0 0, L_0x2630870;  1 drivers
v0x26041b0_0 .net "i_dividend", 15 0, L_0x2630510;  alias, 1 drivers
v0x2604270_0 .net "i_divisor", 15 0, v0x26196d0_0;  alias, 1 drivers
v0x2604310_0 .net "i_quotient", 15 0, L_0x262faa0;  alias, 1 drivers
v0x2604400_0 .net "i_remainder", 15 0, L_0x2630300;  alias, 1 drivers
v0x26044d0_0 .net "o_dividend", 15 0, L_0x26318c0;  alias, 1 drivers
v0x2604590_0 .net "o_quotient", 15 0, L_0x2631260;  alias, 1 drivers
v0x2604670_0 .net "o_remainder", 15 0, L_0x26316b0;  alias, 1 drivers
v0x2604750_0 .net "remainder", 15 0, L_0x2630190;  1 drivers
L_0x2630650 .part L_0x2630300, 0, 15;
L_0x2630780 .concat [ 1 15 0 0], L_0x7f57163aa9f0, L_0x2630650;
L_0x2630870 .part L_0x2630510, 15, 1;
L_0x26309a0 .concat [ 1 15 0 0], L_0x2630870, L_0x7f57163aaa38;
L_0x2630bd0 .cmp/gt 16, v0x26196d0_0, L_0x2630190;
L_0x2630cc0 .part L_0x262faa0, 0, 15;
L_0x2630e30 .concat [ 1 15 0 0], L_0x7f57163aaac8, L_0x2630cc0;
L_0x2630f20 .part L_0x262faa0, 0, 15;
L_0x2631010 .concat [ 1 15 0 0], L_0x7f57163aab10, L_0x2630f20;
L_0x2631260 .functor MUXZ 16, L_0x2631150, L_0x2630e30, L_0x2630bd0, C4<>;
L_0x2631400 .cmp/ge 16, L_0x2630190, v0x26196d0_0;
L_0x26314a0 .arith/sub 16, L_0x2630190, v0x26196d0_0;
L_0x26316b0 .functor MUXZ 16, L_0x2630190, L_0x26314a0, L_0x2631400, C4<>;
L_0x26317a0 .part L_0x2630510, 0, 15;
L_0x26318c0 .concat [ 1 15 0 0], L_0x7f57163aaba0, L_0x26317a0;
S_0x2604950 .scope generate, "middle_divider[7]" "middle_divider[7]" 3 33, 3 33 0, S_0x25dcc40;
 .timescale -9 -12;
P_0x25fc920 .param/l "i" 0 3 33, +C4<0111>;
S_0x2604b90 .scope module, "divi" "lc4_divider_one_iter" 3 34, 3 59 0, S_0x2604950;
 .timescale -9 -12;
    .port_info 0 /INPUT 16 "i_dividend";
    .port_info 1 /INPUT 16 "i_divisor";
    .port_info 2 /INPUT 16 "i_remainder";
    .port_info 3 /INPUT 16 "i_quotient";
    .port_info 4 /OUTPUT 16 "o_dividend";
    .port_info 5 /OUTPUT 16 "o_remainder";
    .port_info 6 /OUTPUT 16 "o_quotient";
L_0x7f57163aac78 .functor BUFT 1, C4<0000000000000001>, C4<0>, C4<0>, C4<0>;
L_0x2631640 .functor AND 16, L_0x2631d50, L_0x7f57163aac78, C4<1111111111111111>, C4<1111111111111111>;
L_0x2631540 .functor OR 16, L_0x2631b30, L_0x2631640, C4<0000000000000000>, C4<0000000000000000>;
L_0x7f57163aad50 .functor BUFT 1, C4<0000000000000001>, C4<0>, C4<0>, C4<0>;
L_0x2632500 .functor OR 16, L_0x26323c0, L_0x7f57163aad50, C4<0000000000000000>, C4<0000000000000000>;
v0x2604e20_0 .net *"_ivl_0", 15 0, L_0x2631b30;  1 drivers
L_0x7f57163aac30 .functor BUFT 1, C4<000000000000000>, C4<0>, C4<0>, C4<0>;
v0x2604f20_0 .net *"_ivl_10", 14 0, L_0x7f57163aac30;  1 drivers
v0x2605000_0 .net/2u *"_ivl_12", 15 0, L_0x7f57163aac78;  1 drivers
v0x26050f0_0 .net *"_ivl_14", 15 0, L_0x2631640;  1 drivers
v0x26051d0_0 .net *"_ivl_18", 0 0, L_0x2631f80;  1 drivers
v0x26052e0_0 .net *"_ivl_2", 14 0, L_0x2631a00;  1 drivers
v0x26053c0_0 .net *"_ivl_20", 15 0, L_0x26321e0;  1 drivers
v0x26054a0_0 .net *"_ivl_22", 14 0, L_0x2632070;  1 drivers
L_0x7f57163aacc0 .functor BUFT 1, C4<0>, C4<0>, C4<0>, C4<0>;
v0x2605580_0 .net *"_ivl_24", 0 0, L_0x7f57163aacc0;  1 drivers
v0x26056f0_0 .net *"_ivl_26", 15 0, L_0x26323c0;  1 drivers
v0x26057d0_0 .net *"_ivl_28", 14 0, L_0x26322d0;  1 drivers
L_0x7f57163aad08 .functor BUFT 1, C4<0>, C4<0>, C4<0>, C4<0>;
v0x26058b0_0 .net *"_ivl_30", 0 0, L_0x7f57163aad08;  1 drivers
v0x2605990_0 .net/2u *"_ivl_32", 15 0, L_0x7f57163aad50;  1 drivers
v0x2605a70_0 .net *"_ivl_34", 15 0, L_0x2632500;  1 drivers
v0x2605b50_0 .net *"_ivl_38", 0 0, L_0x26327b0;  1 drivers
L_0x7f57163aabe8 .functor BUFT 1, C4<0>, C4<0>, C4<0>, C4<0>;
v0x2605c10_0 .net *"_ivl_4", 0 0, L_0x7f57163aabe8;  1 drivers
v0x2605cf0_0 .net *"_ivl_40", 15 0, L_0x2632850;  1 drivers
v0x2605ee0_0 .net *"_ivl_46", 14 0, L_0x2632b50;  1 drivers
L_0x7f57163aad98 .functor BUFT 1, C4<0>, C4<0>, C4<0>, C4<0>;
v0x2605fc0_0 .net *"_ivl_48", 0 0, L_0x7f57163aad98;  1 drivers
v0x26060a0_0 .net *"_ivl_6", 15 0, L_0x2631d50;  1 drivers
v0x2606180_0 .net *"_ivl_8", 0 0, L_0x2631c20;  1 drivers
v0x2606260_0 .net "i_dividend", 15 0, L_0x26318c0;  alias, 1 drivers
v0x2606320_0 .net "i_divisor", 15 0, v0x26196d0_0;  alias, 1 drivers
v0x26064d0_0 .net "i_quotient", 15 0, L_0x2631260;  alias, 1 drivers
v0x26065c0_0 .net "i_remainder", 15 0, L_0x26316b0;  alias, 1 drivers
v0x2606690_0 .net "o_dividend", 15 0, L_0x2632c70;  alias, 1 drivers
v0x2606750_0 .net "o_quotient", 15 0, L_0x2632610;  alias, 1 drivers
v0x2606830_0 .net "o_remainder", 15 0, L_0x2632a60;  alias, 1 drivers
v0x2606910_0 .net "remainder", 15 0, L_0x2631540;  1 drivers
L_0x2631a00 .part L_0x26316b0, 0, 15;
L_0x2631b30 .concat [ 1 15 0 0], L_0x7f57163aabe8, L_0x2631a00;
L_0x2631c20 .part L_0x26318c0, 15, 1;
L_0x2631d50 .concat [ 1 15 0 0], L_0x2631c20, L_0x7f57163aac30;
L_0x2631f80 .cmp/gt 16, v0x26196d0_0, L_0x2631540;
L_0x2632070 .part L_0x2631260, 0, 15;
L_0x26321e0 .concat [ 1 15 0 0], L_0x7f57163aacc0, L_0x2632070;
L_0x26322d0 .part L_0x2631260, 0, 15;
L_0x26323c0 .concat [ 1 15 0 0], L_0x7f57163aad08, L_0x26322d0;
L_0x2632610 .functor MUXZ 16, L_0x2632500, L_0x26321e0, L_0x2631f80, C4<>;
L_0x26327b0 .cmp/ge 16, L_0x2631540, v0x26196d0_0;
L_0x2632850 .arith/sub 16, L_0x2631540, v0x26196d0_0;
L_0x2632a60 .functor MUXZ 16, L_0x2631540, L_0x2632850, L_0x26327b0, C4<>;
L_0x2632b50 .part L_0x26318c0, 0, 15;
L_0x2632c70 .concat [ 1 15 0 0], L_0x7f57163aad98, L_0x2632b50;
S_0x2606b10 .scope generate, "middle_divider[8]" "middle_divider[8]" 3 33, 3 33 0, S_0x25dcc40;
 .timescale -9 -12;
P_0x2606cc0 .param/l "i" 0 3 33, +C4<01000>;
S_0x2606da0 .scope module, "divi" "lc4_divider_one_iter" 3 34, 3 59 0, S_0x2606b10;
 .timescale -9 -12;
    .port_info 0 /INPUT 16 "i_dividend";
    .port_info 1 /INPUT 16 "i_divisor";
    .port_info 2 /INPUT 16 "i_remainder";
    .port_info 3 /INPUT 16 "i_quotient";
    .port_info 4 /OUTPUT 16 "o_dividend";
    .port_info 5 /OUTPUT 16 "o_remainder";
    .port_info 6 /OUTPUT 16 "o_quotient";
L_0x7f57163aae70 .functor BUFT 1, C4<0000000000000001>, C4<0>, C4<0>, C4<0>;
L_0x26329f0 .functor AND 16, L_0x2633100, L_0x7f57163aae70, C4<1111111111111111>, C4<1111111111111111>;
L_0x26328f0 .functor OR 16, L_0x2632ee0, L_0x26329f0, C4<0000000000000000>, C4<0000000000000000>;
L_0x7f57163aaf48 .functor BUFT 1, C4<0000000000000001>, C4<0>, C4<0>, C4<0>;
L_0x2633870 .functor OR 16, L_0x2633730, L_0x7f57163aaf48, C4<0000000000000000>, C4<0000000000000000>;
v0x2607030_0 .net *"_ivl_0", 15 0, L_0x2632ee0;  1 drivers
L_0x7f57163aae28 .functor BUFT 1, C4<000000000000000>, C4<0>, C4<0>, C4<0>;
v0x2607130_0 .net *"_ivl_10", 14 0, L_0x7f57163aae28;  1 drivers
v0x2607210_0 .net/2u *"_ivl_12", 15 0, L_0x7f57163aae70;  1 drivers
v0x2607300_0 .net *"_ivl_14", 15 0, L_0x26329f0;  1 drivers
v0x26073e0_0 .net *"_ivl_18", 0 0, L_0x2633330;  1 drivers
v0x26074f0_0 .net *"_ivl_2", 14 0, L_0x2632db0;  1 drivers
v0x26075d0_0 .net *"_ivl_20", 15 0, L_0x2633550;  1 drivers
v0x26076b0_0 .net *"_ivl_22", 14 0, L_0x2633420;  1 drivers
L_0x7f57163aaeb8 .functor BUFT 1, C4<0>, C4<0>, C4<0>, C4<0>;
v0x2607790_0 .net *"_ivl_24", 0 0, L_0x7f57163aaeb8;  1 drivers
v0x2607870_0 .net *"_ivl_26", 15 0, L_0x2633730;  1 drivers
v0x2607950_0 .net *"_ivl_28", 14 0, L_0x2633640;  1 drivers
L_0x7f57163aaf00 .functor BUFT 1, C4<0>, C4<0>, C4<0>, C4<0>;
v0x2607a30_0 .net *"_ivl_30", 0 0, L_0x7f57163aaf00;  1 drivers
v0x2607b10_0 .net/2u *"_ivl_32", 15 0, L_0x7f57163aaf48;  1 drivers
v0x2607bf0_0 .net *"_ivl_34", 15 0, L_0x2633870;  1 drivers
v0x2607cd0_0 .net *"_ivl_38", 0 0, L_0x2633b20;  1 drivers
L_0x7f57163aade0 .functor BUFT 1, C4<0>, C4<0>, C4<0>, C4<0>;
v0x2607d90_0 .net *"_ivl_4", 0 0, L_0x7f57163aade0;  1 drivers
v0x2607e70_0 .net *"_ivl_40", 15 0, L_0x2633bc0;  1 drivers
v0x2608060_0 .net *"_ivl_46", 14 0, L_0x2633ec0;  1 drivers
L_0x7f57163aaf90 .functor BUFT 1, C4<0>, C4<0>, C4<0>, C4<0>;
v0x2608140_0 .net *"_ivl_48", 0 0, L_0x7f57163aaf90;  1 drivers
v0x2608220_0 .net *"_ivl_6", 15 0, L_0x2633100;  1 drivers
v0x2608300_0 .net *"_ivl_8", 0 0, L_0x2632fd0;  1 drivers
v0x26083e0_0 .net "i_dividend", 15 0, L_0x2632c70;  alias, 1 drivers
v0x26084a0_0 .net "i_divisor", 15 0, v0x26196d0_0;  alias, 1 drivers
v0x2608540_0 .net "i_quotient", 15 0, L_0x2632610;  alias, 1 drivers
v0x2608630_0 .net "i_remainder", 15 0, L_0x2632a60;  alias, 1 drivers
v0x2608700_0 .net "o_dividend", 15 0, L_0x2633fe0;  alias, 1 drivers
v0x26087c0_0 .net "o_quotient", 15 0, L_0x2633980;  alias, 1 drivers
v0x26088a0_0 .net "o_remainder", 15 0, L_0x2633dd0;  alias, 1 drivers
v0x2608980_0 .net "remainder", 15 0, L_0x26328f0;  1 drivers
L_0x2632db0 .part L_0x2632a60, 0, 15;
L_0x2632ee0 .concat [ 1 15 0 0], L_0x7f57163aade0, L_0x2632db0;
L_0x2632fd0 .part L_0x2632c70, 15, 1;
L_0x2633100 .concat [ 1 15 0 0], L_0x2632fd0, L_0x7f57163aae28;
L_0x2633330 .cmp/gt 16, v0x26196d0_0, L_0x26328f0;
L_0x2633420 .part L_0x2632610, 0, 15;
L_0x2633550 .concat [ 1 15 0 0], L_0x7f57163aaeb8, L_0x2633420;
L_0x2633640 .part L_0x2632610, 0, 15;
L_0x2633730 .concat [ 1 15 0 0], L_0x7f57163aaf00, L_0x2633640;
L_0x2633980 .functor MUXZ 16, L_0x2633870, L_0x2633550, L_0x2633330, C4<>;
L_0x2633b20 .cmp/ge 16, L_0x26328f0, v0x26196d0_0;
L_0x2633bc0 .arith/sub 16, L_0x26328f0, v0x26196d0_0;
L_0x2633dd0 .functor MUXZ 16, L_0x26328f0, L_0x2633bc0, L_0x2633b20, C4<>;
L_0x2633ec0 .part L_0x2632c70, 0, 15;
L_0x2633fe0 .concat [ 1 15 0 0], L_0x7f57163aaf90, L_0x2633ec0;
S_0x2608b80 .scope generate, "middle_divider[9]" "middle_divider[9]" 3 33, 3 33 0, S_0x25dcc40;
 .timescale -9 -12;
P_0x2608d30 .param/l "i" 0 3 33, +C4<01001>;
S_0x2608e10 .scope module, "divi" "lc4_divider_one_iter" 3 34, 3 59 0, S_0x2608b80;
 .timescale -9 -12;
    .port_info 0 /INPUT 16 "i_dividend";
    .port_info 1 /INPUT 16 "i_divisor";
    .port_info 2 /INPUT 16 "i_remainder";
    .port_info 3 /INPUT 16 "i_quotient";
    .port_info 4 /OUTPUT 16 "o_dividend";
    .port_info 5 /OUTPUT 16 "o_remainder";
    .port_info 6 /OUTPUT 16 "o_quotient";
L_0x7f57163ab068 .functor BUFT 1, C4<0000000000000001>, C4<0>, C4<0>, C4<0>;
L_0x2633d60 .functor AND 16, L_0x2634470, L_0x7f57163ab068, C4<1111111111111111>, C4<1111111111111111>;
L_0x2633c60 .functor OR 16, L_0x2634250, L_0x2633d60, C4<0000000000000000>, C4<0000000000000000>;
L_0x7f57163ab140 .functor BUFT 1, C4<0000000000000001>, C4<0>, C4<0>, C4<0>;
L_0x2634be0 .functor OR 16, L_0x2634aa0, L_0x7f57163ab140, C4<0000000000000000>, C4<0000000000000000>;
v0x26090a0_0 .net *"_ivl_0", 15 0, L_0x2634250;  1 drivers
L_0x7f57163ab020 .functor BUFT 1, C4<000000000000000>, C4<0>, C4<0>, C4<0>;
v0x26091a0_0 .net *"_ivl_10", 14 0, L_0x7f57163ab020;  1 drivers
v0x2609280_0 .net/2u *"_ivl_12", 15 0, L_0x7f57163ab068;  1 drivers
v0x2609370_0 .net *"_ivl_14", 15 0, L_0x2633d60;  1 drivers
v0x2609450_0 .net *"_ivl_18", 0 0, L_0x26346a0;  1 drivers
v0x2609560_0 .net *"_ivl_2", 14 0, L_0x2634120;  1 drivers
v0x2609640_0 .net *"_ivl_20", 15 0, L_0x26348c0;  1 drivers
v0x2609720_0 .net *"_ivl_22", 14 0, L_0x2634790;  1 drivers
L_0x7f57163ab0b0 .functor BUFT 1, C4<0>, C4<0>, C4<0>, C4<0>;
v0x2609800_0 .net *"_ivl_24", 0 0, L_0x7f57163ab0b0;  1 drivers
v0x26098e0_0 .net *"_ivl_26", 15 0, L_0x2634aa0;  1 drivers
v0x26099c0_0 .net *"_ivl_28", 14 0, L_0x26349b0;  1 drivers
L_0x7f57163ab0f8 .functor BUFT 1, C4<0>, C4<0>, C4<0>, C4<0>;
v0x2609aa0_0 .net *"_ivl_30", 0 0, L_0x7f57163ab0f8;  1 drivers
v0x2609b80_0 .net/2u *"_ivl_32", 15 0, L_0x7f57163ab140;  1 drivers
v0x2609c60_0 .net *"_ivl_34", 15 0, L_0x2634be0;  1 drivers
v0x2609d40_0 .net *"_ivl_38", 0 0, L_0x2634e30;  1 drivers
L_0x7f57163aafd8 .functor BUFT 1, C4<0>, C4<0>, C4<0>, C4<0>;
v0x2609e00_0 .net *"_ivl_4", 0 0, L_0x7f57163aafd8;  1 drivers
v0x2609ee0_0 .net *"_ivl_40", 15 0, L_0x2634ed0;  1 drivers
v0x260a0d0_0 .net *"_ivl_46", 14 0, L_0x26351d0;  1 drivers
L_0x7f57163ab188 .functor BUFT 1, C4<0>, C4<0>, C4<0>, C4<0>;
v0x260a1b0_0 .net *"_ivl_48", 0 0, L_0x7f57163ab188;  1 drivers
v0x260a290_0 .net *"_ivl_6", 15 0, L_0x2634470;  1 drivers
v0x260a370_0 .net *"_ivl_8", 0 0, L_0x2634340;  1 drivers
v0x260a450_0 .net "i_dividend", 15 0, L_0x2633fe0;  alias, 1 drivers
v0x260a510_0 .net "i_divisor", 15 0, v0x26196d0_0;  alias, 1 drivers
v0x260a5b0_0 .net "i_quotient", 15 0, L_0x2633980;  alias, 1 drivers
v0x260a6a0_0 .net "i_remainder", 15 0, L_0x2633dd0;  alias, 1 drivers
v0x260a770_0 .net "o_dividend", 15 0, L_0x26352f0;  alias, 1 drivers
v0x260a830_0 .net "o_quotient", 15 0, L_0x2634cf0;  alias, 1 drivers
v0x260a910_0 .net "o_remainder", 15 0, L_0x26350e0;  alias, 1 drivers
v0x260a9f0_0 .net "remainder", 15 0, L_0x2633c60;  1 drivers
L_0x2634120 .part L_0x2633dd0, 0, 15;
L_0x2634250 .concat [ 1 15 0 0], L_0x7f57163aafd8, L_0x2634120;
L_0x2634340 .part L_0x2633fe0, 15, 1;
L_0x2634470 .concat [ 1 15 0 0], L_0x2634340, L_0x7f57163ab020;
L_0x26346a0 .cmp/gt 16, v0x26196d0_0, L_0x2633c60;
L_0x2634790 .part L_0x2633980, 0, 15;
L_0x26348c0 .concat [ 1 15 0 0], L_0x7f57163ab0b0, L_0x2634790;
L_0x26349b0 .part L_0x2633980, 0, 15;
L_0x2634aa0 .concat [ 1 15 0 0], L_0x7f57163ab0f8, L_0x26349b0;
L_0x2634cf0 .functor MUXZ 16, L_0x2634be0, L_0x26348c0, L_0x26346a0, C4<>;
L_0x2634e30 .cmp/ge 16, L_0x2633c60, v0x26196d0_0;
L_0x2634ed0 .arith/sub 16, L_0x2633c60, v0x26196d0_0;
L_0x26350e0 .functor MUXZ 16, L_0x2633c60, L_0x2634ed0, L_0x2634e30, C4<>;
L_0x26351d0 .part L_0x2633fe0, 0, 15;
L_0x26352f0 .concat [ 1 15 0 0], L_0x7f57163ab188, L_0x26351d0;
S_0x260abf0 .scope generate, "middle_divider[10]" "middle_divider[10]" 3 33, 3 33 0, S_0x25dcc40;
 .timescale -9 -12;
P_0x260ada0 .param/l "i" 0 3 33, +C4<01010>;
S_0x260ae80 .scope module, "divi" "lc4_divider_one_iter" 3 34, 3 59 0, S_0x260abf0;
 .timescale -9 -12;
    .port_info 0 /INPUT 16 "i_dividend";
    .port_info 1 /INPUT 16 "i_divisor";
    .port_info 2 /INPUT 16 "i_remainder";
    .port_info 3 /INPUT 16 "i_quotient";
    .port_info 4 /OUTPUT 16 "o_dividend";
    .port_info 5 /OUTPUT 16 "o_remainder";
    .port_info 6 /OUTPUT 16 "o_quotient";
L_0x7f57163ab260 .functor BUFT 1, C4<0000000000000001>, C4<0>, C4<0>, C4<0>;
L_0x2635070 .functor AND 16, L_0x2635b90, L_0x7f57163ab260, C4<1111111111111111>, C4<1111111111111111>;
L_0x2634f70 .functor OR 16, L_0x2635560, L_0x2635070, C4<0000000000000000>, C4<0000000000000000>;
L_0x7f57163ab338 .functor BUFT 1, C4<0000000000000001>, C4<0>, C4<0>, C4<0>;
L_0x26361c0 .functor OR 16, L_0x2636080, L_0x7f57163ab338, C4<0000000000000000>, C4<0000000000000000>;
v0x260b110_0 .net *"_ivl_0", 15 0, L_0x2635560;  1 drivers
L_0x7f57163ab218 .functor BUFT 1, C4<000000000000000>, C4<0>, C4<0>, C4<0>;
v0x260b210_0 .net *"_ivl_10", 14 0, L_0x7f57163ab218;  1 drivers
v0x260b2f0_0 .net/2u *"_ivl_12", 15 0, L_0x7f57163ab260;  1 drivers
v0x260b3e0_0 .net *"_ivl_14", 15 0, L_0x2635070;  1 drivers
v0x260b4c0_0 .net *"_ivl_18", 0 0, L_0x2635c80;  1 drivers
v0x260b5d0_0 .net *"_ivl_2", 14 0, L_0x2635430;  1 drivers
v0x260b6b0_0 .net *"_ivl_20", 15 0, L_0x2635ea0;  1 drivers
v0x260b790_0 .net *"_ivl_22", 14 0, L_0x2635d70;  1 drivers
L_0x7f57163ab2a8 .functor BUFT 1, C4<0>, C4<0>, C4<0>, C4<0>;
v0x260b870_0 .net *"_ivl_24", 0 0, L_0x7f57163ab2a8;  1 drivers
v0x260b950_0 .net *"_ivl_26", 15 0, L_0x2636080;  1 drivers
v0x260ba30_0 .net *"_ivl_28", 14 0, L_0x2635f90;  1 drivers
L_0x7f57163ab2f0 .functor BUFT 1, C4<0>, C4<0>, C4<0>, C4<0>;
v0x260bb10_0 .net *"_ivl_30", 0 0, L_0x7f57163ab2f0;  1 drivers
v0x260bbf0_0 .net/2u *"_ivl_32", 15 0, L_0x7f57163ab338;  1 drivers
v0x260bcd0_0 .net *"_ivl_34", 15 0, L_0x26361c0;  1 drivers
v0x260bdb0_0 .net *"_ivl_38", 0 0, L_0x2636470;  1 drivers
L_0x7f57163ab1d0 .functor BUFT 1, C4<0>, C4<0>, C4<0>, C4<0>;
v0x260be70_0 .net *"_ivl_4", 0 0, L_0x7f57163ab1d0;  1 drivers
v0x260bf50_0 .net *"_ivl_40", 15 0, L_0x2636510;  1 drivers
v0x260c140_0 .net *"_ivl_46", 14 0, L_0x2636810;  1 drivers
L_0x7f57163ab380 .functor BUFT 1, C4<0>, C4<0>, C4<0>, C4<0>;
v0x260c220_0 .net *"_ivl_48", 0 0, L_0x7f57163ab380;  1 drivers
v0x260c300_0 .net *"_ivl_6", 15 0, L_0x2635b90;  1 drivers
v0x260c3e0_0 .net *"_ivl_8", 0 0, L_0x2635650;  1 drivers
v0x260c4c0_0 .net "i_dividend", 15 0, L_0x26352f0;  alias, 1 drivers
v0x260c580_0 .net "i_divisor", 15 0, v0x26196d0_0;  alias, 1 drivers
v0x260c620_0 .net "i_quotient", 15 0, L_0x2634cf0;  alias, 1 drivers
v0x260c710_0 .net "i_remainder", 15 0, L_0x26350e0;  alias, 1 drivers
v0x260c7e0_0 .net "o_dividend", 15 0, L_0x2636930;  alias, 1 drivers
v0x260c8a0_0 .net "o_quotient", 15 0, L_0x26362d0;  alias, 1 drivers
v0x260c980_0 .net "o_remainder", 15 0, L_0x2636720;  alias, 1 drivers
v0x260ca60_0 .net "remainder", 15 0, L_0x2634f70;  1 drivers
L_0x2635430 .part L_0x26350e0, 0, 15;
L_0x2635560 .concat [ 1 15 0 0], L_0x7f57163ab1d0, L_0x2635430;
L_0x2635650 .part L_0x26352f0, 15, 1;
L_0x2635b90 .concat [ 1 15 0 0], L_0x2635650, L_0x7f57163ab218;
L_0x2635c80 .cmp/gt 16, v0x26196d0_0, L_0x2634f70;
L_0x2635d70 .part L_0x2634cf0, 0, 15;
L_0x2635ea0 .concat [ 1 15 0 0], L_0x7f57163ab2a8, L_0x2635d70;
L_0x2635f90 .part L_0x2634cf0, 0, 15;
L_0x2636080 .concat [ 1 15 0 0], L_0x7f57163ab2f0, L_0x2635f90;
L_0x26362d0 .functor MUXZ 16, L_0x26361c0, L_0x2635ea0, L_0x2635c80, C4<>;
L_0x2636470 .cmp/ge 16, L_0x2634f70, v0x26196d0_0;
L_0x2636510 .arith/sub 16, L_0x2634f70, v0x26196d0_0;
L_0x2636720 .functor MUXZ 16, L_0x2634f70, L_0x2636510, L_0x2636470, C4<>;
L_0x2636810 .part L_0x26352f0, 0, 15;
L_0x2636930 .concat [ 1 15 0 0], L_0x7f57163ab380, L_0x2636810;
S_0x260cc60 .scope generate, "middle_divider[11]" "middle_divider[11]" 3 33, 3 33 0, S_0x25dcc40;
 .timescale -9 -12;
P_0x260ce10 .param/l "i" 0 3 33, +C4<01011>;
S_0x260cef0 .scope module, "divi" "lc4_divider_one_iter" 3 34, 3 59 0, S_0x260cc60;
 .timescale -9 -12;
    .port_info 0 /INPUT 16 "i_dividend";
    .port_info 1 /INPUT 16 "i_divisor";
    .port_info 2 /INPUT 16 "i_remainder";
    .port_info 3 /INPUT 16 "i_quotient";
    .port_info 4 /OUTPUT 16 "o_dividend";
    .port_info 5 /OUTPUT 16 "o_remainder";
    .port_info 6 /OUTPUT 16 "o_quotient";
L_0x7f57163ab458 .functor BUFT 1, C4<0000000000000001>, C4<0>, C4<0>, C4<0>;
L_0x26366b0 .functor AND 16, L_0x2636dc0, L_0x7f57163ab458, C4<1111111111111111>, C4<1111111111111111>;
L_0x26365b0 .functor OR 16, L_0x2636ba0, L_0x26366b0, C4<0000000000000000>, C4<0000000000000000>;
L_0x7f57163ab530 .functor BUFT 1, C4<0000000000000001>, C4<0>, C4<0>, C4<0>;
L_0x2637530 .functor OR 16, L_0x26373f0, L_0x7f57163ab530, C4<0000000000000000>, C4<0000000000000000>;
v0x260d180_0 .net *"_ivl_0", 15 0, L_0x2636ba0;  1 drivers
L_0x7f57163ab410 .functor BUFT 1, C4<000000000000000>, C4<0>, C4<0>, C4<0>;
v0x260d280_0 .net *"_ivl_10", 14 0, L_0x7f57163ab410;  1 drivers
v0x260d360_0 .net/2u *"_ivl_12", 15 0, L_0x7f57163ab458;  1 drivers
v0x260d450_0 .net *"_ivl_14", 15 0, L_0x26366b0;  1 drivers
v0x260d530_0 .net *"_ivl_18", 0 0, L_0x2636ff0;  1 drivers
v0x260d640_0 .net *"_ivl_2", 14 0, L_0x2636a70;  1 drivers
v0x260d720_0 .net *"_ivl_20", 15 0, L_0x2637210;  1 drivers
v0x260d800_0 .net *"_ivl_22", 14 0, L_0x26370e0;  1 drivers
L_0x7f57163ab4a0 .functor BUFT 1, C4<0>, C4<0>, C4<0>, C4<0>;
v0x260d8e0_0 .net *"_ivl_24", 0 0, L_0x7f57163ab4a0;  1 drivers
v0x260d9c0_0 .net *"_ivl_26", 15 0, L_0x26373f0;  1 drivers
v0x260daa0_0 .net *"_ivl_28", 14 0, L_0x2637300;  1 drivers
L_0x7f57163ab4e8 .functor BUFT 1, C4<0>, C4<0>, C4<0>, C4<0>;
v0x260db80_0 .net *"_ivl_30", 0 0, L_0x7f57163ab4e8;  1 drivers
v0x260dc60_0 .net/2u *"_ivl_32", 15 0, L_0x7f57163ab530;  1 drivers
v0x260dd40_0 .net *"_ivl_34", 15 0, L_0x2637530;  1 drivers
v0x260de20_0 .net *"_ivl_38", 0 0, L_0x2637780;  1 drivers
L_0x7f57163ab3c8 .functor BUFT 1, C4<0>, C4<0>, C4<0>, C4<0>;
v0x260dee0_0 .net *"_ivl_4", 0 0, L_0x7f57163ab3c8;  1 drivers
v0x260dfc0_0 .net *"_ivl_40", 15 0, L_0x2637820;  1 drivers
v0x260e1b0_0 .net *"_ivl_46", 14 0, L_0x2637b20;  1 drivers
L_0x7f57163ab578 .functor BUFT 1, C4<0>, C4<0>, C4<0>, C4<0>;
v0x260e290_0 .net *"_ivl_48", 0 0, L_0x7f57163ab578;  1 drivers
v0x260e370_0 .net *"_ivl_6", 15 0, L_0x2636dc0;  1 drivers
v0x260e450_0 .net *"_ivl_8", 0 0, L_0x2636c90;  1 drivers
v0x260e530_0 .net "i_dividend", 15 0, L_0x2636930;  alias, 1 drivers
v0x260e5f0_0 .net "i_divisor", 15 0, v0x26196d0_0;  alias, 1 drivers
v0x260e690_0 .net "i_quotient", 15 0, L_0x26362d0;  alias, 1 drivers
v0x260e780_0 .net "i_remainder", 15 0, L_0x2636720;  alias, 1 drivers
v0x260e850_0 .net "o_dividend", 15 0, L_0x2637c40;  alias, 1 drivers
v0x260e910_0 .net "o_quotient", 15 0, L_0x2637640;  alias, 1 drivers
v0x260e9f0_0 .net "o_remainder", 15 0, L_0x2637a30;  alias, 1 drivers
v0x260ead0_0 .net "remainder", 15 0, L_0x26365b0;  1 drivers
L_0x2636a70 .part L_0x2636720, 0, 15;
L_0x2636ba0 .concat [ 1 15 0 0], L_0x7f57163ab3c8, L_0x2636a70;
L_0x2636c90 .part L_0x2636930, 15, 1;
L_0x2636dc0 .concat [ 1 15 0 0], L_0x2636c90, L_0x7f57163ab410;
L_0x2636ff0 .cmp/gt 16, v0x26196d0_0, L_0x26365b0;
L_0x26370e0 .part L_0x26362d0, 0, 15;
L_0x2637210 .concat [ 1 15 0 0], L_0x7f57163ab4a0, L_0x26370e0;
L_0x2637300 .part L_0x26362d0, 0, 15;
L_0x26373f0 .concat [ 1 15 0 0], L_0x7f57163ab4e8, L_0x2637300;
L_0x2637640 .functor MUXZ 16, L_0x2637530, L_0x2637210, L_0x2636ff0, C4<>;
L_0x2637780 .cmp/ge 16, L_0x26365b0, v0x26196d0_0;
L_0x2637820 .arith/sub 16, L_0x26365b0, v0x26196d0_0;
L_0x2637a30 .functor MUXZ 16, L_0x26365b0, L_0x2637820, L_0x2637780, C4<>;
L_0x2637b20 .part L_0x2636930, 0, 15;
L_0x2637c40 .concat [ 1 15 0 0], L_0x7f57163ab578, L_0x2637b20;
S_0x260ecd0 .scope generate, "middle_divider[12]" "middle_divider[12]" 3 33, 3 33 0, S_0x25dcc40;
 .timescale -9 -12;
P_0x260ee80 .param/l "i" 0 3 33, +C4<01100>;
S_0x260ef60 .scope module, "divi" "lc4_divider_one_iter" 3 34, 3 59 0, S_0x260ecd0;
 .timescale -9 -12;
    .port_info 0 /INPUT 16 "i_dividend";
    .port_info 1 /INPUT 16 "i_divisor";
    .port_info 2 /INPUT 16 "i_remainder";
    .port_info 3 /INPUT 16 "i_quotient";
    .port_info 4 /OUTPUT 16 "o_dividend";
    .port_info 5 /OUTPUT 16 "o_remainder";
    .port_info 6 /OUTPUT 16 "o_quotient";
L_0x7f57163ab650 .functor BUFT 1, C4<0000000000000001>, C4<0>, C4<0>, C4<0>;
L_0x26379c0 .functor AND 16, L_0x26380d0, L_0x7f57163ab650, C4<1111111111111111>, C4<1111111111111111>;
L_0x26378c0 .functor OR 16, L_0x2637eb0, L_0x26379c0, C4<0000000000000000>, C4<0000000000000000>;
L_0x7f57163ab728 .functor BUFT 1, C4<0000000000000001>, C4<0>, C4<0>, C4<0>;
L_0x2638840 .functor OR 16, L_0x2638700, L_0x7f57163ab728, C4<0000000000000000>, C4<0000000000000000>;
v0x260f1f0_0 .net *"_ivl_0", 15 0, L_0x2637eb0;  1 drivers
L_0x7f57163ab608 .functor BUFT 1, C4<000000000000000>, C4<0>, C4<0>, C4<0>;
v0x260f2f0_0 .net *"_ivl_10", 14 0, L_0x7f57163ab608;  1 drivers
v0x260f3d0_0 .net/2u *"_ivl_12", 15 0, L_0x7f57163ab650;  1 drivers
v0x260f4c0_0 .net *"_ivl_14", 15 0, L_0x26379c0;  1 drivers
v0x260f5a0_0 .net *"_ivl_18", 0 0, L_0x2638300;  1 drivers
v0x260f6b0_0 .net *"_ivl_2", 14 0, L_0x2637d80;  1 drivers
v0x260f790_0 .net *"_ivl_20", 15 0, L_0x2638520;  1 drivers
v0x260f870_0 .net *"_ivl_22", 14 0, L_0x26383f0;  1 drivers
L_0x7f57163ab698 .functor BUFT 1, C4<0>, C4<0>, C4<0>, C4<0>;
v0x260f950_0 .net *"_ivl_24", 0 0, L_0x7f57163ab698;  1 drivers
v0x260fa30_0 .net *"_ivl_26", 15 0, L_0x2638700;  1 drivers
v0x260fb10_0 .net *"_ivl_28", 14 0, L_0x2638610;  1 drivers
L_0x7f57163ab6e0 .functor BUFT 1, C4<0>, C4<0>, C4<0>, C4<0>;
v0x260fbf0_0 .net *"_ivl_30", 0 0, L_0x7f57163ab6e0;  1 drivers
v0x260fcd0_0 .net/2u *"_ivl_32", 15 0, L_0x7f57163ab728;  1 drivers
v0x260fdb0_0 .net *"_ivl_34", 15 0, L_0x2638840;  1 drivers
v0x260fe90_0 .net *"_ivl_38", 0 0, L_0x2638a90;  1 drivers
L_0x7f57163ab5c0 .functor BUFT 1, C4<0>, C4<0>, C4<0>, C4<0>;
v0x260ff50_0 .net *"_ivl_4", 0 0, L_0x7f57163ab5c0;  1 drivers
v0x2610030_0 .net *"_ivl_40", 15 0, L_0x2638b30;  1 drivers
v0x2610220_0 .net *"_ivl_46", 14 0, L_0x2638e30;  1 drivers
L_0x7f57163ab770 .functor BUFT 1, C4<0>, C4<0>, C4<0>, C4<0>;
v0x2610300_0 .net *"_ivl_48", 0 0, L_0x7f57163ab770;  1 drivers
v0x26103e0_0 .net *"_ivl_6", 15 0, L_0x26380d0;  1 drivers
v0x26104c0_0 .net *"_ivl_8", 0 0, L_0x2637fa0;  1 drivers
v0x26105a0_0 .net "i_dividend", 15 0, L_0x2637c40;  alias, 1 drivers
v0x2610660_0 .net "i_divisor", 15 0, v0x26196d0_0;  alias, 1 drivers
v0x2610700_0 .net "i_quotient", 15 0, L_0x2637640;  alias, 1 drivers
v0x26107f0_0 .net "i_remainder", 15 0, L_0x2637a30;  alias, 1 drivers
v0x26108c0_0 .net "o_dividend", 15 0, L_0x2638f50;  alias, 1 drivers
v0x2610980_0 .net "o_quotient", 15 0, L_0x2638950;  alias, 1 drivers
v0x2610a60_0 .net "o_remainder", 15 0, L_0x2638d40;  alias, 1 drivers
v0x2610b40_0 .net "remainder", 15 0, L_0x26378c0;  1 drivers
L_0x2637d80 .part L_0x2637a30, 0, 15;
L_0x2637eb0 .concat [ 1 15 0 0], L_0x7f57163ab5c0, L_0x2637d80;
L_0x2637fa0 .part L_0x2637c40, 15, 1;
L_0x26380d0 .concat [ 1 15 0 0], L_0x2637fa0, L_0x7f57163ab608;
L_0x2638300 .cmp/gt 16, v0x26196d0_0, L_0x26378c0;
L_0x26383f0 .part L_0x2637640, 0, 15;
L_0x2638520 .concat [ 1 15 0 0], L_0x7f57163ab698, L_0x26383f0;
L_0x2638610 .part L_0x2637640, 0, 15;
L_0x2638700 .concat [ 1 15 0 0], L_0x7f57163ab6e0, L_0x2638610;
L_0x2638950 .functor MUXZ 16, L_0x2638840, L_0x2638520, L_0x2638300, C4<>;
L_0x2638a90 .cmp/ge 16, L_0x26378c0, v0x26196d0_0;
L_0x2638b30 .arith/sub 16, L_0x26378c0, v0x26196d0_0;
L_0x2638d40 .functor MUXZ 16, L_0x26378c0, L_0x2638b30, L_0x2638a90, C4<>;
L_0x2638e30 .part L_0x2637c40, 0, 15;
L_0x2638f50 .concat [ 1 15 0 0], L_0x7f57163ab770, L_0x2638e30;
S_0x2610d40 .scope generate, "middle_divider[13]" "middle_divider[13]" 3 33, 3 33 0, S_0x25dcc40;
 .timescale -9 -12;
P_0x2610ef0 .param/l "i" 0 3 33, +C4<01101>;
S_0x2610fd0 .scope module, "divi" "lc4_divider_one_iter" 3 34, 3 59 0, S_0x2610d40;
 .timescale -9 -12;
    .port_info 0 /INPUT 16 "i_dividend";
    .port_info 1 /INPUT 16 "i_divisor";
    .port_info 2 /INPUT 16 "i_remainder";
    .port_info 3 /INPUT 16 "i_quotient";
    .port_info 4 /OUTPUT 16 "o_dividend";
    .port_info 5 /OUTPUT 16 "o_remainder";
    .port_info 6 /OUTPUT 16 "o_quotient";
L_0x7f57163ab848 .functor BUFT 1, C4<0000000000000001>, C4<0>, C4<0>, C4<0>;
L_0x2638cd0 .functor AND 16, L_0x26393e0, L_0x7f57163ab848, C4<1111111111111111>, C4<1111111111111111>;
L_0x2638bd0 .functor OR 16, L_0x26391c0, L_0x2638cd0, C4<0000000000000000>, C4<0000000000000000>;
L_0x7f57163ab920 .functor BUFT 1, C4<0000000000000001>, C4<0>, C4<0>, C4<0>;
L_0x2639b50 .functor OR 16, L_0x2639a10, L_0x7f57163ab920, C4<0000000000000000>, C4<0000000000000000>;
v0x2611260_0 .net *"_ivl_0", 15 0, L_0x26391c0;  1 drivers
L_0x7f57163ab800 .functor BUFT 1, C4<000000000000000>, C4<0>, C4<0>, C4<0>;
v0x2611360_0 .net *"_ivl_10", 14 0, L_0x7f57163ab800;  1 drivers
v0x2611440_0 .net/2u *"_ivl_12", 15 0, L_0x7f57163ab848;  1 drivers
v0x2611530_0 .net *"_ivl_14", 15 0, L_0x2638cd0;  1 drivers
v0x2611610_0 .net *"_ivl_18", 0 0, L_0x2639610;  1 drivers
v0x2611720_0 .net *"_ivl_2", 14 0, L_0x2639090;  1 drivers
v0x2611800_0 .net *"_ivl_20", 15 0, L_0x2639830;  1 drivers
v0x26118e0_0 .net *"_ivl_22", 14 0, L_0x2639700;  1 drivers
L_0x7f57163ab890 .functor BUFT 1, C4<0>, C4<0>, C4<0>, C4<0>;
v0x26119c0_0 .net *"_ivl_24", 0 0, L_0x7f57163ab890;  1 drivers
v0x2611aa0_0 .net *"_ivl_26", 15 0, L_0x2639a10;  1 drivers
v0x2611b80_0 .net *"_ivl_28", 14 0, L_0x2639920;  1 drivers
L_0x7f57163ab8d8 .functor BUFT 1, C4<0>, C4<0>, C4<0>, C4<0>;
v0x2611c60_0 .net *"_ivl_30", 0 0, L_0x7f57163ab8d8;  1 drivers
v0x2611d40_0 .net/2u *"_ivl_32", 15 0, L_0x7f57163ab920;  1 drivers
v0x2611e20_0 .net *"_ivl_34", 15 0, L_0x2639b50;  1 drivers
v0x2611f00_0 .net *"_ivl_38", 0 0, L_0x2639da0;  1 drivers
L_0x7f57163ab7b8 .functor BUFT 1, C4<0>, C4<0>, C4<0>, C4<0>;
v0x2611fc0_0 .net *"_ivl_4", 0 0, L_0x7f57163ab7b8;  1 drivers
v0x26120a0_0 .net *"_ivl_40", 15 0, L_0x2639e40;  1 drivers
v0x2612290_0 .net *"_ivl_46", 14 0, L_0x263a140;  1 drivers
L_0x7f57163ab968 .functor BUFT 1, C4<0>, C4<0>, C4<0>, C4<0>;
v0x2612370_0 .net *"_ivl_48", 0 0, L_0x7f57163ab968;  1 drivers
v0x2612450_0 .net *"_ivl_6", 15 0, L_0x26393e0;  1 drivers
v0x2612530_0 .net *"_ivl_8", 0 0, L_0x26392b0;  1 drivers
v0x2612610_0 .net "i_dividend", 15 0, L_0x2638f50;  alias, 1 drivers
v0x26126d0_0 .net "i_divisor", 15 0, v0x26196d0_0;  alias, 1 drivers
v0x2612770_0 .net "i_quotient", 15 0, L_0x2638950;  alias, 1 drivers
v0x2612860_0 .net "i_remainder", 15 0, L_0x2638d40;  alias, 1 drivers
v0x2612930_0 .net "o_dividend", 15 0, L_0x263a260;  alias, 1 drivers
v0x26129f0_0 .net "o_quotient", 15 0, L_0x2639c60;  alias, 1 drivers
v0x2612ad0_0 .net "o_remainder", 15 0, L_0x263a050;  alias, 1 drivers
v0x2612bb0_0 .net "remainder", 15 0, L_0x2638bd0;  1 drivers
L_0x2639090 .part L_0x2638d40, 0, 15;
L_0x26391c0 .concat [ 1 15 0 0], L_0x7f57163ab7b8, L_0x2639090;
L_0x26392b0 .part L_0x2638f50, 15, 1;
L_0x26393e0 .concat [ 1 15 0 0], L_0x26392b0, L_0x7f57163ab800;
L_0x2639610 .cmp/gt 16, v0x26196d0_0, L_0x2638bd0;
L_0x2639700 .part L_0x2638950, 0, 15;
L_0x2639830 .concat [ 1 15 0 0], L_0x7f57163ab890, L_0x2639700;
L_0x2639920 .part L_0x2638950, 0, 15;
L_0x2639a10 .concat [ 1 15 0 0], L_0x7f57163ab8d8, L_0x2639920;
L_0x2639c60 .functor MUXZ 16, L_0x2639b50, L_0x2639830, L_0x2639610, C4<>;
L_0x2639da0 .cmp/ge 16, L_0x2638bd0, v0x26196d0_0;
L_0x2639e40 .arith/sub 16, L_0x2638bd0, v0x26196d0_0;
L_0x263a050 .functor MUXZ 16, L_0x2638bd0, L_0x2639e40, L_0x2639da0, C4<>;
L_0x263a140 .part L_0x2638f50, 0, 15;
L_0x263a260 .concat [ 1 15 0 0], L_0x7f57163ab968, L_0x263a140;
S_0x2612db0 .scope generate, "middle_divider[14]" "middle_divider[14]" 3 33, 3 33 0, S_0x25dcc40;
 .timescale -9 -12;
P_0x2612f60 .param/l "i" 0 3 33, +C4<01110>;
S_0x2613040 .scope module, "divi" "lc4_divider_one_iter" 3 34, 3 59 0, S_0x2612db0;
 .timescale -9 -12;
    .port_info 0 /INPUT 16 "i_dividend";
    .port_info 1 /INPUT 16 "i_divisor";
    .port_info 2 /INPUT 16 "i_remainder";
    .port_info 3 /INPUT 16 "i_quotient";
    .port_info 4 /OUTPUT 16 "o_dividend";
    .port_info 5 /OUTPUT 16 "o_remainder";
    .port_info 6 /OUTPUT 16 "o_quotient";
L_0x7f57163aba40 .functor BUFT 1, C4<0000000000000001>, C4<0>, C4<0>, C4<0>;
L_0x2639fe0 .functor AND 16, L_0x263a6f0, L_0x7f57163aba40, C4<1111111111111111>, C4<1111111111111111>;
L_0x2639ee0 .functor OR 16, L_0x263a4d0, L_0x2639fe0, C4<0000000000000000>, C4<0000000000000000>;
L_0x7f57163abb18 .functor BUFT 1, C4<0000000000000001>, C4<0>, C4<0>, C4<0>;
L_0x263ae60 .functor OR 16, L_0x263ad20, L_0x7f57163abb18, C4<0000000000000000>, C4<0000000000000000>;
v0x26132d0_0 .net *"_ivl_0", 15 0, L_0x263a4d0;  1 drivers
L_0x7f57163ab9f8 .functor BUFT 1, C4<000000000000000>, C4<0>, C4<0>, C4<0>;
v0x26133d0_0 .net *"_ivl_10", 14 0, L_0x7f57163ab9f8;  1 drivers
v0x26134b0_0 .net/2u *"_ivl_12", 15 0, L_0x7f57163aba40;  1 drivers
v0x26135a0_0 .net *"_ivl_14", 15 0, L_0x2639fe0;  1 drivers
v0x2613680_0 .net *"_ivl_18", 0 0, L_0x263a920;  1 drivers
v0x2613790_0 .net *"_ivl_2", 14 0, L_0x263a3a0;  1 drivers
v0x2613870_0 .net *"_ivl_20", 15 0, L_0x263ab40;  1 drivers
v0x2613950_0 .net *"_ivl_22", 14 0, L_0x263aa10;  1 drivers
L_0x7f57163aba88 .functor BUFT 1, C4<0>, C4<0>, C4<0>, C4<0>;
v0x2613a30_0 .net *"_ivl_24", 0 0, L_0x7f57163aba88;  1 drivers
v0x2613b10_0 .net *"_ivl_26", 15 0, L_0x263ad20;  1 drivers
v0x2613bf0_0 .net *"_ivl_28", 14 0, L_0x263ac30;  1 drivers
L_0x7f57163abad0 .functor BUFT 1, C4<0>, C4<0>, C4<0>, C4<0>;
v0x2613cd0_0 .net *"_ivl_30", 0 0, L_0x7f57163abad0;  1 drivers
v0x2613db0_0 .net/2u *"_ivl_32", 15 0, L_0x7f57163abb18;  1 drivers
v0x2613e90_0 .net *"_ivl_34", 15 0, L_0x263ae60;  1 drivers
v0x2613f70_0 .net *"_ivl_38", 0 0, L_0x263b0b0;  1 drivers
L_0x7f57163ab9b0 .functor BUFT 1, C4<0>, C4<0>, C4<0>, C4<0>;
v0x2614030_0 .net *"_ivl_4", 0 0, L_0x7f57163ab9b0;  1 drivers
v0x2614110_0 .net *"_ivl_40", 15 0, L_0x263b150;  1 drivers
v0x2614300_0 .net *"_ivl_46", 14 0, L_0x263b450;  1 drivers
L_0x7f57163abb60 .functor BUFT 1, C4<0>, C4<0>, C4<0>, C4<0>;
v0x26143e0_0 .net *"_ivl_48", 0 0, L_0x7f57163abb60;  1 drivers
v0x26144c0_0 .net *"_ivl_6", 15 0, L_0x263a6f0;  1 drivers
v0x26145a0_0 .net *"_ivl_8", 0 0, L_0x263a5c0;  1 drivers
v0x2614680_0 .net "i_dividend", 15 0, L_0x263a260;  alias, 1 drivers
v0x2614740_0 .net "i_divisor", 15 0, v0x26196d0_0;  alias, 1 drivers
v0x26147e0_0 .net "i_quotient", 15 0, L_0x2639c60;  alias, 1 drivers
v0x26148d0_0 .net "i_remainder", 15 0, L_0x263a050;  alias, 1 drivers
v0x26149a0_0 .net "o_dividend", 15 0, L_0x263b570;  alias, 1 drivers
v0x2614a70_0 .net "o_quotient", 15 0, L_0x263af70;  alias, 1 drivers
v0x2614b40_0 .net "o_remainder", 15 0, L_0x263b360;  alias, 1 drivers
v0x2614c10_0 .net "remainder", 15 0, L_0x2639ee0;  1 drivers
L_0x263a3a0 .part L_0x263a050, 0, 15;
L_0x263a4d0 .concat [ 1 15 0 0], L_0x7f57163ab9b0, L_0x263a3a0;
L_0x263a5c0 .part L_0x263a260, 15, 1;
L_0x263a6f0 .concat [ 1 15 0 0], L_0x263a5c0, L_0x7f57163ab9f8;
L_0x263a920 .cmp/gt 16, v0x26196d0_0, L_0x2639ee0;
L_0x263aa10 .part L_0x2639c60, 0, 15;
L_0x263ab40 .concat [ 1 15 0 0], L_0x7f57163aba88, L_0x263aa10;
L_0x263ac30 .part L_0x2639c60, 0, 15;
L_0x263ad20 .concat [ 1 15 0 0], L_0x7f57163abad0, L_0x263ac30;
L_0x263af70 .functor MUXZ 16, L_0x263ae60, L_0x263ab40, L_0x263a920, C4<>;
L_0x263b0b0 .cmp/ge 16, L_0x2639ee0, v0x26196d0_0;
L_0x263b150 .arith/sub 16, L_0x2639ee0, v0x26196d0_0;
L_0x263b360 .functor MUXZ 16, L_0x2639ee0, L_0x263b150, L_0x263b0b0, C4<>;
L_0x263b450 .part L_0x263a260, 0, 15;
L_0x263b570 .concat [ 1 15 0 0], L_0x7f57163abb60, L_0x263b450;
S_0x2616e10 .scope module, "divider_iter" "lc4_divider_one_iter" 2 65, 3 59 0, S_0x25dcab0;
 .timescale -9 -12;
    .port_info 0 /INPUT 16 "i_dividend";
    .port_info 1 /INPUT 16 "i_divisor";
    .port_info 2 /INPUT 16 "i_remainder";
    .port_info 3 /INPUT 16 "i_quotient";
    .port_info 4 /OUTPUT 16 "o_dividend";
    .port_info 5 /OUTPUT 16 "o_remainder";
    .port_info 6 /OUTPUT 16 "o_quotient";
L_0x7f57163ac268 .functor BUFT 1, C4<0000000000000001>, C4<0>, C4<0>, C4<0>;
L_0x263e040 .functor AND 16, L_0x263eea0, L_0x7f57163ac268, C4<1111111111111111>, C4<1111111111111111>;
L_0x263df40 .functor OR 16, L_0x263ecc0, L_0x263e040, C4<0000000000000000>, C4<0000000000000000>;
L_0x7f57163ac340 .functor BUFT 1, C4<0000000000000001>, C4<0>, C4<0>, C4<0>;
L_0x263f6b0 .functor OR 16, L_0x263f570, L_0x7f57163ac340, C4<0000000000000000>, C4<0000000000000000>;
v0x26170c0_0 .net *"_ivl_0", 15 0, L_0x263ecc0;  1 drivers
L_0x7f57163ac220 .functor BUFT 1, C4<000000000000000>, C4<0>, C4<0>, C4<0>;
v0x26171a0_0 .net *"_ivl_10", 14 0, L_0x7f57163ac220;  1 drivers
v0x2617280_0 .net/2u *"_ivl_12", 15 0, L_0x7f57163ac268;  1 drivers
v0x2617340_0 .net *"_ivl_14", 15 0, L_0x263e040;  1 drivers
v0x2617420_0 .net *"_ivl_18", 0 0, L_0x263f120;  1 drivers
v0x2617530_0 .net *"_ivl_2", 14 0, L_0x263ebd0;  1 drivers
v0x2617610_0 .net *"_ivl_20", 15 0, L_0x263f340;  1 drivers
v0x26176f0_0 .net *"_ivl_22", 14 0, L_0x263f210;  1 drivers
L_0x7f57163ac2b0 .functor BUFT 1, C4<0>, C4<0>, C4<0>, C4<0>;
v0x26177d0_0 .net *"_ivl_24", 0 0, L_0x7f57163ac2b0;  1 drivers
v0x26178b0_0 .net *"_ivl_26", 15 0, L_0x263f570;  1 drivers
v0x2617990_0 .net *"_ivl_28", 14 0, L_0x263f480;  1 drivers
L_0x7f57163ac2f8 .functor BUFT 1, C4<0>, C4<0>, C4<0>, C4<0>;
v0x2617a70_0 .net *"_ivl_30", 0 0, L_0x7f57163ac2f8;  1 drivers
v0x2617b50_0 .net/2u *"_ivl_32", 15 0, L_0x7f57163ac340;  1 drivers
v0x2617c30_0 .net *"_ivl_34", 15 0, L_0x263f6b0;  1 drivers
v0x2617d10_0 .net *"_ivl_38", 0 0, L_0x263f950;  1 drivers
L_0x7f57163ac1d8 .functor BUFT 1, C4<0>, C4<0>, C4<0>, C4<0>;
v0x2617dd0_0 .net *"_ivl_4", 0 0, L_0x7f57163ac1d8;  1 drivers
v0x2617eb0_0 .net *"_ivl_40", 15 0, L_0x263f9f0;  1 drivers
v0x26180a0_0 .net *"_ivl_46", 14 0, L_0x263fd40;  1 drivers
L_0x7f57163ac388 .functor BUFT 1, C4<0>, C4<0>, C4<0>, C4<0>;
v0x2618180_0 .net *"_ivl_48", 0 0, L_0x7f57163ac388;  1 drivers
v0x2618260_0 .net *"_ivl_6", 15 0, L_0x263eea0;  1 drivers
v0x2618340_0 .net *"_ivl_8", 0 0, L_0x263ee00;  1 drivers
v0x2618420_0 .net "i_dividend", 15 0, v0x2619610_0;  alias, 1 drivers
v0x26184e0_0 .net "i_divisor", 15 0, v0x26196d0_0;  alias, 1 drivers
v0x26185a0_0 .net "i_quotient", 15 0, v0x2619790_0;  1 drivers
v0x2618680_0 .net "i_remainder", 15 0, v0x2619850_0;  1 drivers
v0x2618760_0 .net "o_dividend", 15 0, L_0x263fe60;  alias, 1 drivers
v0x2618840_0 .net "o_quotient", 15 0, L_0x263f7c0;  alias, 1 drivers
v0x2618920_0 .net "o_remainder", 15 0, L_0x263fc00;  alias, 1 drivers
v0x2618a00_0 .net "remainder", 15 0, L_0x263df40;  1 drivers
L_0x263ebd0 .part v0x2619850_0, 0, 15;
L_0x263ecc0 .concat [ 1 15 0 0], L_0x7f57163ac1d8, L_0x263ebd0;
L_0x263ee00 .part v0x2619610_0, 15, 1;
L_0x263eea0 .concat [ 1 15 0 0], L_0x263ee00, L_0x7f57163ac220;
L_0x263f120 .cmp/gt 16, v0x26196d0_0, L_0x263df40;
L_0x263f210 .part v0x2619790_0, 0, 15;
L_0x263f340 .concat [ 1 15 0 0], L_0x7f57163ac2b0, L_0x263f210;
L_0x263f480 .part v0x2619790_0, 0, 15;
L_0x263f570 .concat [ 1 15 0 0], L_0x7f57163ac2f8, L_0x263f480;
L_0x263f7c0 .functor MUXZ 16, L_0x263f6b0, L_0x263f340, L_0x263f120, C4<>;
L_0x263f950 .cmp/ge 16, L_0x263df40, v0x26196d0_0;
L_0x263f9f0 .arith/sub 16, L_0x263df40, v0x26196d0_0;
L_0x263fc00 .functor MUXZ 16, L_0x263df40, L_0x263f9f0, L_0x263f950, C4<>;
L_0x263fd40 .part v0x2619610_0, 0, 15;
L_0x263fe60 .concat [ 1 15 0 0], L_0x7f57163ac388, L_0x263fd40;
S_0x2618c00 .scope task, "printPoints" "printPoints" 4 1, 4 1 0, S_0x25dcab0;
 .timescale -9 -12;
v0x2618de0_0 .var "actual", 31 0;
v0x2618ec0_0 .var "possible", 31 0;
TD_test_divider.printPoints ;
    %vpi_call 4 4 "$display", "<scorePossible>%d</scorePossible>", v0x2618ec0_0 {0 0 0};
    %vpi_call 4 5 "$display", "<scoreActual>%d</scoreActual>", v0x2618de0_0 {0 0 0};
    %end;
    .scope S_0x25dcab0;
T_1 ;
    %vpi_call 2 74 "$dumpfile", "divider.vcd" {0 0 0};
    %vpi_call 2 75 "$dumpvars" {0 0 0};
    %pushi/vec4 42, 0, 32;
    %store/vec4 v0x2619e00_0, 0, 32;
    %vpi_func 2 81 "$random" 32, v0x2619e00_0 {0 0 0};
    %store/vec4 v0x2619e00_0, 0, 32;
    %pushi/vec4 0, 0, 16;
    %store/vec4 v0x2619610_0, 0, 16;
    %pushi/vec4 0, 0, 16;
    %store/vec4 v0x26196d0_0, 0, 16;
    %pushi/vec4 0, 0, 16;
    %store/vec4 v0x2619850_0, 0, 16;
    %pushi/vec4 0, 0, 16;
    %store/vec4 v0x2619790_0, 0, 16;
    %pushi/vec4 0, 0, 32;
    %store/vec4 v0x2619240_0, 0, 32;
    %pushi/vec4 0, 0, 32;
    %store/vec4 v0x26190a0_0, 0, 32;
    %vpi_func 2 96 "$fopen" 32, "test_lc4_divider_one_iter.input", "r" {0 0 0};
    %store/vec4 v0x26198f0_0, 0, 32;
    %load/vec4 v0x26198f0_0;
    %cmpi/e 0, 0, 32;
    %jmp/0xz  T_1.0, 4;
    %vpi_call 2 98 "$display", "Error opening file: ", "test_lc4_divider_one_iter.input" {0 0 0};
    %vpi_call 2 99 "$finish" {0 0 0};
T_1.0 ;
    %delay 100000, 0;
    %delay 2000, 0;
T_1.2 ;
    %vpi_func 2 108 "$fscanf" 32, v0x26198f0_0, "%d:%b %b %b %b %b %b %b", v0x2618fa0_0, v0x2619610_0, v0x26196d0_0, v0x2619850_0, v0x2619790_0, v0x2619320_0, v0x2619530_0, v0x2619450_0 {0 0 0};
    %cmpi/e 8, 0, 32;
    %jmp/0xz T_1.3, 4;
    %delay 8000, 0;
    %load/vec4 v0x26190a0_0;
    %addi 1, 0, 32;
    %store/vec4 v0x26190a0_0, 0, 32;
    %load/vec4 v0x26199b0_0;
    %load/vec4 v0x2619320_0;
    %cmp/ne;
    %flag_mov 8, 6;
    %load/vec4 v0x2619b10_0;
    %load/vec4 v0x2619530_0;
    %cmp/ne;
    %flag_or 6, 8;
    %flag_mov 8, 6;
    %load/vec4 v0x2619a70_0;
    %load/vec4 v0x2619450_0;
    %cmp/ne;
    %flag_or 6, 8;
    %jmp/0xz  T_1.4, 6;
    %load/vec4 v0x2619240_0;
    %addi 1, 0, 32;
    %store/vec4 v0x2619240_0, 0, 32;
    %load/vec4 v0x2619240_0;
    %cmpi/s 15, 0, 32;
    %jmp/0xz  T_1.6, 5;
    %vpi_call 2 119 "$display", "[lc4_divider_one_iter] Error at test %04d: i_dividend = %b %b %b %b (0x%H), i_divisor = %b %b %b %b (0x%H), i_remainder = %b %b %b %b (0x%H), i_quotient = %b %b %b %b (0x%H)", v0x26190a0_0, &PV<v0x2619610_0, 12, 4>, &PV<v0x2619610_0, 8, 4>, &PV<v0x2619610_0, 4, 4>, &PV<v0x2619610_0, 0, 4>, v0x2619610_0, &PV<v0x26196d0_0, 12, 4>, &PV<v0x26196d0_0, 8, 4>, &PV<v0x26196d0_0, 4, 4>, &PV<v0x26196d0_0, 0, 4>, v0x26196d0_0, &PV<v0x2619850_0, 12, 4>, &PV<v0x2619850_0, 8, 4>, &PV<v0x2619850_0, 4, 4>, &PV<v0x2619850_0, 0, 4>, v0x2619850_0, &PV<v0x2619790_0, 12, 4>, &PV<v0x2619790_0, 8, 4>, &PV<v0x2619790_0, 4, 4>, &PV<v0x2619790_0, 0, 4>, v0x2619790_0 {0 0 0};
    %load/vec4 v0x26199b0_0;
    %load/vec4 v0x2619320_0;
    %cmp/ne;
    %jmp/0xz  T_1.8, 6;
    %vpi_call 2 126 "$display", "   o_dividend should have been %b %b %b %b (0x%H), but was %b %b %b %b (0x%H) instead", &PV<v0x2619320_0, 12, 4>, &PV<v0x2619320_0, 8, 4>, &PV<v0x2619320_0, 4, 4>, &PV<v0x2619320_0, 0, 4>, v0x2619320_0, &PV<v0x26199b0_0, 12, 4>, &PV<v0x26199b0_0, 8, 4>, &PV<v0x26199b0_0, 4, 4>, &PV<v0x26199b0_0, 0, 4>, v0x26199b0_0 {0 0 0};
T_1.8 ;
    %load/vec4 v0x2619b10_0;
    %load/vec4 v0x2619530_0;
    %cmp/ne;
    %jmp/0xz  T_1.10, 6;
    %vpi_call 2 131 "$display", "   o_remainder should have been %b %b %b %b (0x%H), but was %b %b %b %b (0x%H) instead", &PV<v0x2619530_0, 12, 4>, &PV<v0x2619530_0, 8, 4>, &PV<v0x2619530_0, 4, 4>, &PV<v0x2619530_0, 0, 4>, v0x2619530_0, &PV<v0x2619b10_0, 12, 4>, &PV<v0x2619b10_0, 8, 4>, &PV<v0x2619b10_0, 4, 4>, &PV<v0x2619b10_0, 0, 4>, v0x2619b10_0 {0 0 0};
T_1.10 ;
    %load/vec4 v0x2619a70_0;
    %load/vec4 v0x2619450_0;
    %cmp/ne;
    %jmp/0xz  T_1.12, 6;
    %vpi_call 2 136 "$display", "   o_quotient should have been %b %b %b %b (0x%H), but was %b %b %b %b (0x%H) instead", &PV<v0x2619450_0, 12, 4>, &PV<v0x2619450_0, 8, 4>, &PV<v0x2619450_0, 4, 4>, &PV<v0x2619450_0, 0, 4>, v0x2619450_0, &PV<v0x2619a70_0, 12, 4>, &PV<v0x2619a70_0, 8, 4>, &PV<v0x2619a70_0, 4, 4>, &PV<v0x2619a70_0, 0, 4>, v0x2619a70_0 {0 0 0};
T_1.12 ;
T_1.6 ;
T_1.4 ;
    %delay 2000, 0;
    %jmp T_1.2;
T_1.3 ;
    %load/vec4 v0x26198f0_0;
    %cmpi/ne 0, 0, 32;
    %jmp/0xz  T_1.14, 4;
    %vpi_call 2 153 "$fclose", v0x26198f0_0 {0 0 0};
T_1.14 ;
    %vpi_func 2 158 "$random" 32 {0 0 0};
    %pad/s 16;
    %store/vec4 v0x2619610_0, 0, 16;
    %pushi/vec4 0, 0, 16;
    %store/vec4 v0x26196d0_0, 0, 16;
    %delay 8000, 0;
    %load/vec4 v0x2619bb0_0;
    %pad/u 32;
    %cmpi/ne 0, 0, 32;
    %flag_mov 8, 6;
    %load/vec4 v0x2619c50_0;
    %pad/u 32;
    %cmpi/ne 0, 0, 32;
    %flag_or 6, 8;
    %jmp/0xz  T_1.16, 6;
    %load/vec4 v0x2619240_0;
    %cmpi/s 15, 0, 32;
    %jmp/0xz  T_1.18, 5;
    %vpi_call 2 163 "$display", "[lc4_divider] Error at test %d: i_dividend = 0x%H, i_divisor = 0x%H, o_quotient and o_remainder should both be 0, but o_quotient was %b %b %b %b (0x%H) and o_remainder was %b %b %b %b (0x%H) instead", v0x2619180_0, v0x2619610_0, v0x26196d0_0, &PV<v0x2619bb0_0, 12, 4>, &PV<v0x2619bb0_0, 8, 4>, &PV<v0x2619bb0_0, 4, 4>, &PV<v0x2619bb0_0, 0, 4>, v0x2619bb0_0, &PV<v0x2619c50_0, 12, 4>, &PV<v0x2619c50_0, 8, 4>, &PV<v0x2619c50_0, 4, 4>, &PV<v0x2619c50_0, 0, 4>, v0x2619c50_0 {0 0 0};
T_1.18 ;
    %load/vec4 v0x2619240_0;
    %addi 1, 0, 32;
    %store/vec4 v0x2619240_0, 0, 32;
T_1.16 ;
    %load/vec4 v0x2619180_0;
    %addi 1, 0, 32;
    %store/vec4 v0x2619180_0, 0, 32;
    %load/vec4 v0x26190a0_0;
    %addi 1, 0, 32;
    %store/vec4 v0x26190a0_0, 0, 32;
    %pushi/vec4 0, 0, 32;
    %store/vec4 v0x2619180_0, 0, 32;
T_1.20 ;
    %load/vec4 v0x2619180_0;
    %cmpi/s 4000, 0, 32;
    %jmp/0xz T_1.21, 5;
    %vpi_func 2 184 "$random" 32 {0 0 0};
    %pad/s 16;
    %store/vec4 v0x2619610_0, 0, 16;
    %vpi_func 2 185 "$random" 32 {0 0 0};
    %pad/s 16;
    %store/vec4 v0x26196d0_0, 0, 16;
    %delay 8000, 0;
    %pushi/vec4 0, 0, 16;
    %store/vec4 v0x2619450_0, 0, 16;
    %pushi/vec4 0, 0, 16;
    %store/vec4 v0x2619530_0, 0, 16;
    %load/vec4 v0x26196d0_0;
    %cmpi/ne 0, 0, 16;
    %jmp/0xz  T_1.22, 6;
    %load/vec4 v0x2619610_0;
    %load/vec4 v0x26196d0_0;
    %div;
    %store/vec4 v0x2619450_0, 0, 16;
    %load/vec4 v0x2619610_0;
    %load/vec4 v0x26196d0_0;
    %mod;
    %store/vec4 v0x2619530_0, 0, 16;
T_1.22 ;
    %load/vec4 v0x2619450_0;
    %load/vec4 v0x2619bb0_0;
    %cmp/ne;
    %jmp/0xz  T_1.24, 6;
    %load/vec4 v0x2619240_0;
    %cmpi/s 15, 0, 32;
    %jmp/0xz  T_1.26, 5;
    %vpi_call 2 205 "$display", "[lc4_divider] Error at test %d: i_dividend = %b %b %b %b (0x%H), i_divisor = %b %b %b %b (0x%H), o_quotient should have been %b %b %b %b (0x%H), but was %b %b %b %b (0x%H) instead", v0x2619180_0, &PV<v0x2619610_0, 12, 4>, &PV<v0x2619610_0, 8, 4>, &PV<v0x2619610_0, 4, 4>, &PV<v0x2619610_0, 0, 4>, v0x2619610_0, &PV<v0x26196d0_0, 12, 4>, &PV<v0x26196d0_0, 8, 4>, &PV<v0x26196d0_0, 4, 4>, &PV<v0x26196d0_0, 0, 4>, v0x26196d0_0, &PV<v0x2619450_0, 12, 4>, &PV<v0x2619450_0, 8, 4>, &PV<v0x2619450_0, 4, 4>, &PV<v0x2619450_0, 0, 4>, v0x2619450_0, &PV<v0x2619bb0_0, 12, 4>, &PV<v0x2619bb0_0, 8, 4>, &PV<v0x2619bb0_0, 4, 4>, &PV<v0x2619bb0_0, 0, 4>, v0x2619bb0_0 {0 0 0};
T_1.26 ;
    %load/vec4 v0x2619240_0;
    %addi 1, 0, 32;
    %store/vec4 v0x2619240_0, 0, 32;
T_1.24 ;
    %load/vec4 v0x2619180_0;
    %addi 1, 0, 32;
    %store/vec4 v0x2619180_0, 0, 32;
    %load/vec4 v0x26190a0_0;
    %addi 1, 0, 32;
    %store/vec4 v0x26190a0_0, 0, 32;
    %load/vec4 v0x2619530_0;
    %load/vec4 v0x2619c50_0;
    %cmp/ne;
    %jmp/0xz  T_1.28, 6;
    %load/vec4 v0x2619240_0;
    %cmpi/s 15, 0, 32;
    %jmp/0xz  T_1.30, 5;
    %vpi_call 2 224 "$display", "[lc4_divider] Error at test %d: i_dividend = %b %b %b %b (0x%H), i_divisor = %b %b %b %b (0x%H), o_remainder should have been %b %b %b %b (0x%H), but was %b %b %b %b (0x%H) instead", v0x2619180_0, &PV<v0x2619610_0, 12, 4>, &PV<v0x2619610_0, 8, 4>, &PV<v0x2619610_0, 4, 4>, &PV<v0x2619610_0, 0, 4>, v0x2619610_0, &PV<v0x26196d0_0, 12, 4>, &PV<v0x26196d0_0, 8, 4>, &PV<v0x26196d0_0, 4, 4>, &PV<v0x26196d0_0, 0, 4>, v0x26196d0_0, &PV<v0x2619530_0, 12, 4>, &PV<v0x2619530_0, 8, 4>, &PV<v0x2619530_0, 4, 4>, &PV<v0x2619530_0, 0, 4>, v0x2619530_0, &PV<v0x2619c50_0, 12, 4>, &PV<v0x2619c50_0, 8, 4>, &PV<v0x2619c50_0, 4, 4>, &PV<v0x2619c50_0, 0, 4>, v0x2619c50_0 {0 0 0};
T_1.30 ;
    %load/vec4 v0x2619240_0;
    %addi 1, 0, 32;
    %store/vec4 v0x2619240_0, 0, 32;
T_1.28 ;
    %load/vec4 v0x2619180_0;
    %addi 1, 0, 32;
    %store/vec4 v0x2619180_0, 0, 32;
    %load/vec4 v0x26190a0_0;
    %addi 1, 0, 32;
    %store/vec4 v0x26190a0_0, 0, 32;
    %delay 2000, 0;
    %load/vec4 v0x2618fa0_0;
    %addi 1, 0, 32;
    %store/vec4 v0x2618fa0_0, 0, 32;
    %jmp T_1.20;
T_1.21 ;
    %load/vec4 v0x2619240_0;
    %cmpi/s 15, 0, 32;
    %flag_or 5, 4; GT is !LE
    %flag_inv 5;
    %jmp/0xz  T_1.32, 5;
    %load/vec4 v0x2619240_0;
    %subi 15, 0, 32;
    %vpi_call 2 244 "$display", "Additional %d errors NOT printed.", S<0,vec4,s32> {1 0 0};
T_1.32 ;
    %vpi_call 2 246 "$display", "Simulation finished: %d test cases %d errors", v0x26190a0_0, v0x2619240_0 {0 0 0};
    %load/vec4 v0x26190a0_0;
    %store/vec4 v0x2618ec0_0, 0, 32;
    %load/vec4 v0x26190a0_0;
    %load/vec4 v0x2619240_0;
    %sub;
    %store/vec4 v0x2618de0_0, 0, 32;
    %fork TD_test_divider.printPoints, S_0x2618c00;
    %join;
    %vpi_call 2 248 "$finish" {0 0 0};
    %end;
    .thread T_1;
# The file index is used to find the file name in the following table.
:file_names 5;
    "N/A";
    "<interactive>";
    "testbench_lc4_divider.v";
    "lc4_divider.v";
    "./print_points.v";
