#! /home1/c/cis5710/tools/bin/vvp
:ivl_version "11.0 (stable)" "(v11_0)";
:ivl_delay_selection "TYPICAL";
:vpi_time_precision - 12;
:vpi_module "/home1/c/cis5710/tools/lib/ivl/system.vpi";
:vpi_module "/home1/c/cis5710/tools/lib/ivl/vhdl_sys.vpi";
:vpi_module "/home1/c/cis5710/tools/lib/ivl/vhdl_textio.vpi";
:vpi_module "/home1/c/cis5710/tools/lib/ivl/v2005_math.vpi";
:vpi_module "/home1/c/cis5710/tools/lib/ivl/va_math.vpi";
S_0xf407e0 .scope module, "test_adders" "test_adders" 2 14;
 .timescale -9 -12;
L_0x7fe58dfe5060 .functor BUFT 1, C4<0>, C4<0>, C4<0>, C4<0>;
v0xf76030_0 .net *"_ivl_10", 0 0, L_0x7fe58dfe5060;  1 drivers
v0xf76110_0 .net *"_ivl_11", 1 0, L_0xf78c70;  1 drivers
v0xf761f0_0 .net *"_ivl_13", 1 0, L_0xf78e20;  1 drivers
L_0x7fe58dfe50a8 .functor BUFT 1, C4<0>, C4<0>, C4<0>, C4<0>;
v0xf762e0_0 .net *"_ivl_16", 0 0, L_0x7fe58dfe50a8;  1 drivers
v0xf763c0_0 .net *"_ivl_17", 1 0, L_0xf78f50;  1 drivers
v0xf764f0_0 .net *"_ivl_22", 2 0, L_0xf79ee0;  1 drivers
L_0x7fe58dfe50f0 .functor BUFT 1, C4<0>, C4<0>, C4<0>, C4<0>;
v0xf765d0_0 .net *"_ivl_25", 0 0, L_0x7fe58dfe50f0;  1 drivers
v0xf766b0_0 .net *"_ivl_26", 2 0, L_0xf7a070;  1 drivers
L_0x7fe58dfe5138 .functor BUFT 1, C4<0>, C4<0>, C4<0>, C4<0>;
v0xf76790_0 .net *"_ivl_29", 0 0, L_0x7fe58dfe5138;  1 drivers
v0xf76900_0 .net *"_ivl_3", 1 0, L_0xf78a60;  1 drivers
v0xf769e0_0 .net *"_ivl_30", 2 0, L_0xf7a1a0;  1 drivers
v0xf76ac0_0 .net *"_ivl_32", 2 0, L_0xf7a3c0;  1 drivers
L_0x7fe58dfe5180 .functor BUFT 1, C4<00>, C4<0>, C4<0>, C4<0>;
v0xf76ba0_0 .net *"_ivl_35", 1 0, L_0x7fe58dfe5180;  1 drivers
v0xf76c80_0 .net *"_ivl_36", 2 0, L_0xf7a4b0;  1 drivers
v0xf76d60_0 .net *"_ivl_42", 3 0, L_0xf7ca20;  1 drivers
L_0x7fe58dfe5018 .functor BUFT 1, C4<0>, C4<0>, C4<0>, C4<0>;
v0xf76e40_0 .net *"_ivl_6", 0 0, L_0x7fe58dfe5018;  1 drivers
v0xf76f20_0 .net *"_ivl_7", 1 0, L_0xf78b50;  1 drivers
v0xf77000_0 .var "a", 0 0;
v0xf770a0_0 .var "a2", 1 0;
v0xf77160_0 .var "a4", 3 0;
v0xf77220_0 .net "actual_fa2_cout", 0 0, L_0xf799a0;  1 drivers
v0xf772c0_0 .net "actual_fa2_sum", 1 0, L_0xf79cb0;  1 drivers
v0xf77380_0 .net "actual_fa_cout", 0 0, L_0xf787d0;  1 drivers
v0xf77450_0 .net "actual_fa_sum", 0 0, L_0xf78600;  1 drivers
v0xf77540_0 .net "actual_ha_cout", 0 0, L_0xf78430;  1 drivers
v0xf775e0_0 .net "actual_ha_sum", 0 0, L_0xf782a0;  1 drivers
v0xf776b0_0 .net "actual_rca4_sum", 7 0, L_0xf7c6c0;  1 drivers
v0xf77780_0 .var "b", 0 0;
v0xf77820_0 .var "b2", 1 0;
v0xf778f0_0 .var "b4", 3 0;
v0xf77990_0 .var "cin", 0 0;
v0xf77a30_0 .var/i "errors", 31 0;
v0xf77ad0_0 .net "exp_fa2_cout", 0 0, L_0xf79d50;  1 drivers
v0xf77da0_0 .net "exp_fa2_sum", 1 0, L_0xf79e40;  1 drivers
v0xf77e80_0 .net "exp_fa_cout", 0 0, L_0xf788d0;  1 drivers
v0xf77f40_0 .net "exp_fa_sum", 0 0, L_0xf78970;  1 drivers
v0xf78000_0 .net "exp_rca4_sum", 3 0, L_0xf7c8f0;  1 drivers
v0xf780e0_0 .var/i "i", 31 0;
v0xf781c0_0 .var/i "tests", 31 0;
L_0xf788d0 .part L_0xf78f50, 1, 1;
L_0xf78970 .part L_0xf78f50, 0, 1;
L_0xf78a60 .concat [ 1 1 0 0], v0xf77000_0, L_0x7fe58dfe5018;
L_0xf78b50 .concat [ 1 1 0 0], v0xf77780_0, L_0x7fe58dfe5060;
L_0xf78c70 .arith/sum 2, L_0xf78a60, L_0xf78b50;
L_0xf78e20 .concat [ 1 1 0 0], v0xf77990_0, L_0x7fe58dfe50a8;
L_0xf78f50 .arith/sum 2, L_0xf78c70, L_0xf78e20;
L_0xf79d50 .part L_0xf7a4b0, 2, 1;
L_0xf79e40 .part L_0xf7a4b0, 0, 2;
L_0xf79ee0 .concat [ 2 1 0 0], v0xf770a0_0, L_0x7fe58dfe50f0;
L_0xf7a070 .concat [ 2 1 0 0], v0xf77820_0, L_0x7fe58dfe5138;
L_0xf7a1a0 .arith/sum 3, L_0xf79ee0, L_0xf7a070;
L_0xf7a3c0 .concat [ 1 2 0 0], v0xf77990_0, L_0x7fe58dfe5180;
L_0xf7a4b0 .arith/sum 3, L_0xf7a1a0, L_0xf7a3c0;
L_0xf7c850 .concat [ 4 4 0 0], v0xf77160_0, v0xf778f0_0;
L_0xf7c8f0 .part L_0xf7ca20, 0, 4;
L_0xf7ca20 .arith/sum 4, v0xf77160_0, v0xf778f0_0;
S_0xf3b590 .scope module, "fa" "fulladder" 2 31, 3 20 0, S_0xf407e0;
 .timescale -9 -12;
    .port_info 0 /INPUT 1 "cin";
    .port_info 1 /INPUT 1 "a";
    .port_info 2 /INPUT 1 "b";
    .port_info 3 /OUTPUT 1 "s";
    .port_info 4 /OUTPUT 1 "cout";
L_0xf787d0 .functor OR 1, L_0xf78570, L_0xf78740, C4<0>, C4<0>;
v0xf6b290_0 .net "a", 0 0, v0xf77000_0;  1 drivers
v0xf6b350_0 .net "b", 0 0, v0xf77780_0;  1 drivers
v0xf6b420_0 .net "cin", 0 0, v0xf77990_0;  1 drivers
v0xf6b520_0 .net "cout", 0 0, L_0xf787d0;  alias, 1 drivers
v0xf6b5c0_0 .net "cout_tmp1", 0 0, L_0xf78570;  1 drivers
v0xf6b6b0_0 .net "cout_tmp2", 0 0, L_0xf78740;  1 drivers
v0xf6b780_0 .net "s", 0 0, L_0xf78600;  alias, 1 drivers
v0xf6b850_0 .net "s_tmp", 0 0, L_0xf784c0;  1 drivers
S_0xf411c0 .scope module, "h0" "halfadder" 3 27, 3 10 0, S_0xf3b590;
 .timescale -9 -12;
    .port_info 0 /INPUT 1 "a";
    .port_info 1 /INPUT 1 "b";
    .port_info 2 /OUTPUT 1 "s";
    .port_info 3 /OUTPUT 1 "cout";
L_0xf784c0 .functor XOR 1, v0xf77000_0, v0xf77780_0, C4<0>, C4<0>;
L_0xf78570 .functor AND 1, v0xf77000_0, v0xf77780_0, C4<1>, C4<1>;
v0xf3c5b0_0 .net "a", 0 0, v0xf77000_0;  alias, 1 drivers
v0xf6aa70_0 .net "b", 0 0, v0xf77780_0;  alias, 1 drivers
v0xf6ab30_0 .net "cout", 0 0, L_0xf78570;  alias, 1 drivers
v0xf6abd0_0 .net "s", 0 0, L_0xf784c0;  alias, 1 drivers
S_0xf6ad10 .scope module, "h1" "halfadder" 3 28, 3 10 0, S_0xf3b590;
 .timescale -9 -12;
    .port_info 0 /INPUT 1 "a";
    .port_info 1 /INPUT 1 "b";
    .port_info 2 /OUTPUT 1 "s";
    .port_info 3 /OUTPUT 1 "cout";
L_0xf78600 .functor XOR 1, L_0xf784c0, v0xf77990_0, C4<0>, C4<0>;
L_0xf78740 .functor AND 1, L_0xf784c0, v0xf77990_0, C4<1>, C4<1>;
v0xf6af10_0 .net "a", 0 0, L_0xf784c0;  alias, 1 drivers
v0xf6afb0_0 .net "b", 0 0, v0xf77990_0;  alias, 1 drivers
v0xf6b050_0 .net "cout", 0 0, L_0xf78740;  alias, 1 drivers
v0xf6b120_0 .net "s", 0 0, L_0xf78600;  alias, 1 drivers
S_0xf6b940 .scope module, "fa2" "fulladder2" 2 39, 3 33 0, S_0xf407e0;
 .timescale -9 -12;
    .port_info 0 /INPUT 1 "cin";
    .port_info 1 /INPUT 2 "a";
    .port_info 2 /INPUT 2 "b";
    .port_info 3 /OUTPUT 2 "s";
    .port_info 4 /OUTPUT 1 "cout";
v0xf6e4a0_0 .net "a", 1 0, v0xf770a0_0;  1 drivers
v0xf6e5a0_0 .net "b", 1 0, v0xf77820_0;  1 drivers
v0xf6e680_0 .net "cin", 0 0, v0xf77990_0;  alias, 1 drivers
v0xf6e720_0 .net "cout", 0 0, L_0xf799a0;  alias, 1 drivers
v0xf6e7f0_0 .net "cout_tmp", 0 0, L_0xf79320;  1 drivers
v0xf6e890_0 .net "s", 1 0, L_0xf79cb0;  alias, 1 drivers
L_0xf793b0 .part v0xf770a0_0, 0, 1;
L_0xf79470 .part v0xf77820_0, 0, 1;
L_0xf79a50 .part v0xf770a0_0, 1, 1;
L_0xf79b80 .part v0xf77820_0, 1, 1;
L_0xf79cb0 .concat8 [ 1 1 0 0], L_0xf791f0, L_0xf79780;
S_0xf6bb20 .scope module, "a0" "fulladder" 3 40, 3 20 0, S_0xf6b940;
 .timescale -9 -12;
    .port_info 0 /INPUT 1 "cin";
    .port_info 1 /INPUT 1 "a";
    .port_info 2 /INPUT 1 "b";
    .port_info 3 /OUTPUT 1 "s";
    .port_info 4 /OUTPUT 1 "cout";
L_0xf79320 .functor OR 1, L_0xf79130, L_0xf792b0, C4<0>, C4<0>;
v0xf6c970_0 .net "a", 0 0, L_0xf793b0;  1 drivers
v0xf6ca30_0 .net "b", 0 0, L_0xf79470;  1 drivers
v0xf6cb00_0 .net "cin", 0 0, v0xf77990_0;  alias, 1 drivers
v0xf6cbd0_0 .net "cout", 0 0, L_0xf79320;  alias, 1 drivers
v0xf6cc70_0 .net "cout_tmp1", 0 0, L_0xf79130;  1 drivers
v0xf6cd60_0 .net "cout_tmp2", 0 0, L_0xf792b0;  1 drivers
v0xf6ce30_0 .net "s", 0 0, L_0xf791f0;  1 drivers
v0xf6cf00_0 .net "s_tmp", 0 0, L_0xf78d10;  1 drivers
S_0xf6bdb0 .scope module, "h0" "halfadder" 3 27, 3 10 0, S_0xf6bb20;
 .timescale -9 -12;
    .port_info 0 /INPUT 1 "a";
    .port_info 1 /INPUT 1 "b";
    .port_info 2 /OUTPUT 1 "s";
    .port_info 3 /OUTPUT 1 "cout";
L_0xf78d10 .functor XOR 1, L_0xf793b0, L_0xf79470, C4<0>, C4<0>;
L_0xf79130 .functor AND 1, L_0xf793b0, L_0xf79470, C4<1>, C4<1>;
v0xf6bfe0_0 .net "a", 0 0, L_0xf793b0;  alias, 1 drivers
v0xf6c0c0_0 .net "b", 0 0, L_0xf79470;  alias, 1 drivers
v0xf6c180_0 .net "cout", 0 0, L_0xf79130;  alias, 1 drivers
v0xf6c250_0 .net "s", 0 0, L_0xf78d10;  alias, 1 drivers
S_0xf6c3c0 .scope module, "h1" "halfadder" 3 28, 3 10 0, S_0xf6bb20;
 .timescale -9 -12;
    .port_info 0 /INPUT 1 "a";
    .port_info 1 /INPUT 1 "b";
    .port_info 2 /OUTPUT 1 "s";
    .port_info 3 /OUTPUT 1 "cout";
L_0xf791f0 .functor XOR 1, L_0xf78d10, v0xf77990_0, C4<0>, C4<0>;
L_0xf792b0 .functor AND 1, L_0xf78d10, v0xf77990_0, C4<1>, C4<1>;
v0xf6c5c0_0 .net "a", 0 0, L_0xf78d10;  alias, 1 drivers
v0xf6c690_0 .net "b", 0 0, v0xf77990_0;  alias, 1 drivers
v0xf6c780_0 .net "cout", 0 0, L_0xf792b0;  alias, 1 drivers
v0xf6c820_0 .net "s", 0 0, L_0xf791f0;  alias, 1 drivers
S_0xf6cff0 .scope module, "a1" "fulladder" 3 41, 3 20 0, S_0xf6b940;
 .timescale -9 -12;
    .port_info 0 /INPUT 1 "cin";
    .port_info 1 /INPUT 1 "a";
    .port_info 2 /INPUT 1 "b";
    .port_info 3 /OUTPUT 1 "s";
    .port_info 4 /OUTPUT 1 "cout";
L_0xf799a0 .functor OR 1, L_0xf796a0, L_0xf79910, C4<0>, C4<0>;
v0xf6de00_0 .net "a", 0 0, L_0xf79a50;  1 drivers
v0xf6dec0_0 .net "b", 0 0, L_0xf79b80;  1 drivers
v0xf6df90_0 .net "cin", 0 0, L_0xf79320;  alias, 1 drivers
v0xf6e0b0_0 .net "cout", 0 0, L_0xf799a0;  alias, 1 drivers
v0xf6e150_0 .net "cout_tmp1", 0 0, L_0xf796a0;  1 drivers
v0xf6e240_0 .net "cout_tmp2", 0 0, L_0xf79910;  1 drivers
v0xf6e2e0_0 .net "s", 0 0, L_0xf79780;  1 drivers
v0xf6e3b0_0 .net "s_tmp", 0 0, L_0xf795a0;  1 drivers
S_0xf6d270 .scope module, "h0" "halfadder" 3 27, 3 10 0, S_0xf6cff0;
 .timescale -9 -12;
    .port_info 0 /INPUT 1 "a";
    .port_info 1 /INPUT 1 "b";
    .port_info 2 /OUTPUT 1 "s";
    .port_info 3 /OUTPUT 1 "cout";
L_0xf795a0 .functor XOR 1, L_0xf79a50, L_0xf79b80, C4<0>, C4<0>;
L_0xf796a0 .functor AND 1, L_0xf79a50, L_0xf79b80, C4<1>, C4<1>;
v0xf6d480_0 .net "a", 0 0, L_0xf79a50;  alias, 1 drivers
v0xf6d560_0 .net "b", 0 0, L_0xf79b80;  alias, 1 drivers
v0xf6d620_0 .net "cout", 0 0, L_0xf796a0;  alias, 1 drivers
v0xf6d6f0_0 .net "s", 0 0, L_0xf795a0;  alias, 1 drivers
S_0xf6d860 .scope module, "h1" "halfadder" 3 28, 3 10 0, S_0xf6cff0;
 .timescale -9 -12;
    .port_info 0 /INPUT 1 "a";
    .port_info 1 /INPUT 1 "b";
    .port_info 2 /OUTPUT 1 "s";
    .port_info 3 /OUTPUT 1 "cout";
L_0xf79780 .functor XOR 1, L_0xf795a0, L_0xf79320, C4<0>, C4<0>;
L_0xf79910 .functor AND 1, L_0xf795a0, L_0xf79320, C4<1>, C4<1>;
v0xf6da60_0 .net "a", 0 0, L_0xf795a0;  alias, 1 drivers
v0xf6db30_0 .net "b", 0 0, L_0xf79320;  alias, 1 drivers
v0xf6dc00_0 .net "cout", 0 0, L_0xf79910;  alias, 1 drivers
v0xf6dcd0_0 .net "s", 0 0, L_0xf79780;  alias, 1 drivers
S_0xf6e9d0 .scope module, "ha" "halfadder" 2 26, 3 10 0, S_0xf407e0;
 .timescale -9 -12;
    .port_info 0 /INPUT 1 "a";
    .port_info 1 /INPUT 1 "b";
    .port_info 2 /OUTPUT 1 "s";
    .port_info 3 /OUTPUT 1 "cout";
L_0xf782a0 .functor XOR 1, v0xf77000_0, v0xf77780_0, C4<0>, C4<0>;
L_0xf78430 .functor AND 1, v0xf77000_0, v0xf77780_0, C4<1>, C4<1>;
v0xf6ebe0_0 .net "a", 0 0, v0xf77000_0;  alias, 1 drivers
v0xf6ecd0_0 .net "b", 0 0, v0xf77780_0;  alias, 1 drivers
v0xf6ede0_0 .net "cout", 0 0, L_0xf78430;  alias, 1 drivers
v0xf6ee80_0 .net "s", 0 0, L_0xf782a0;  alias, 1 drivers
S_0xf6efa0 .scope task, "printPoints" "printPoints" 4 1, 4 1 0, S_0xf407e0;
 .timescale -9 -12;
v0xf6f180_0 .var "actual", 31 0;
v0xf6f280_0 .var "possible", 31 0;
TD_test_adders.printPoints ;
    %vpi_call 4 4 "$display", "<scorePossible>%d</scorePossible>", v0xf6f280_0 {0 0 0};
    %vpi_call 4 5 "$display", "<scoreActual>%d</scoreActual>", v0xf6f180_0 {0 0 0};
    %end;
S_0xf6f360 .scope module, "r0" "rca4" 2 45, 3 47 0, S_0xf407e0;
 .timescale -9 -12;
    .port_info 0 /INPUT 8 "SWITCH";
    .port_info 1 /OUTPUT 8 "LED";
v0xf75c90_0 .net "LED", 7 0, L_0xf7c6c0;  alias, 1 drivers
v0xf75d90_0 .net "SWITCH", 7 0, L_0xf7c850;  1 drivers
L_0x7fe58dfe5210 .functor BUFT 1, C4<0000>, C4<0>, C4<0>, C4<0>;
v0xf75e70_0 .net/2u *"_ivl_17", 3 0, L_0x7fe58dfe5210;  1 drivers
v0xf75f30_0 .net "cout0", 0 0, L_0xf7b020;  1 drivers
L_0xf7b3d0 .part L_0xf7c850, 0, 2;
L_0xf7b470 .part L_0xf7c850, 4, 2;
L_0xf7c4f0 .part L_0xf7c850, 2, 2;
L_0xf7c590 .part L_0xf7c850, 6, 2;
L_0xf7c6c0 .concat8 [ 2 2 4 0], L_0xf7b330, L_0xf7c450, L_0x7fe58dfe5210;
S_0xf6f5b0 .scope module, "a0" "fulladder2" 3 50, 3 33 0, S_0xf6f360;
 .timescale -9 -12;
    .port_info 0 /INPUT 1 "cin";
    .port_info 1 /INPUT 2 "a";
    .port_info 2 /INPUT 2 "b";
    .port_info 3 /OUTPUT 2 "s";
    .port_info 4 /OUTPUT 1 "cout";
v0xf72370_0 .net "a", 1 0, L_0xf7b3d0;  1 drivers
v0xf72470_0 .net "b", 1 0, L_0xf7b470;  1 drivers
L_0x7fe58dfe51c8 .functor BUFT 1, C4<0>, C4<0>, C4<0>, C4<0>;
v0xf72550_0 .net "cin", 0 0, L_0x7fe58dfe51c8;  1 drivers
v0xf72640_0 .net "cout", 0 0, L_0xf7b020;  alias, 1 drivers
v0xf726e0_0 .net "cout_tmp", 0 0, L_0xf7a9b0;  1 drivers
v0xf727d0_0 .net "s", 1 0, L_0xf7b330;  1 drivers
L_0xf7aad0 .part L_0xf7b3d0, 0, 1;
L_0xf7ac00 .part L_0xf7b470, 0, 1;
L_0xf7b0d0 .part L_0xf7b3d0, 1, 1;
L_0xf7b200 .part L_0xf7b470, 1, 1;
L_0xf7b330 .concat8 [ 1 1 0 0], L_0xf7a760, L_0xf7ae50;
S_0xf6f830 .scope module, "a0" "fulladder" 3 40, 3 20 0, S_0xf6f5b0;
 .timescale -9 -12;
    .port_info 0 /INPUT 1 "cin";
    .port_info 1 /INPUT 1 "a";
    .port_info 2 /INPUT 1 "b";
    .port_info 3 /OUTPUT 1 "s";
    .port_info 4 /OUTPUT 1 "cout";
L_0xf7a9b0 .functor OR 1, L_0xf7a240, L_0xf7a8b0, C4<0>, C4<0>;
v0xf70750_0 .net "a", 0 0, L_0xf7aad0;  1 drivers
v0xf70810_0 .net "b", 0 0, L_0xf7ac00;  1 drivers
v0xf708e0_0 .net "cin", 0 0, L_0x7fe58dfe51c8;  alias, 1 drivers
v0xf709e0_0 .net "cout", 0 0, L_0xf7a9b0;  alias, 1 drivers
v0xf70a80_0 .net "cout_tmp1", 0 0, L_0xf7a240;  1 drivers
v0xf70b70_0 .net "cout_tmp2", 0 0, L_0xf7a8b0;  1 drivers
v0xf70c40_0 .net "s", 0 0, L_0xf7a760;  1 drivers
v0xf70d10_0 .net "s_tmp", 0 0, L_0xf7a350;  1 drivers
S_0xf6fab0 .scope module, "h0" "halfadder" 3 27, 3 10 0, S_0xf6f830;
 .timescale -9 -12;
    .port_info 0 /INPUT 1 "a";
    .port_info 1 /INPUT 1 "b";
    .port_info 2 /OUTPUT 1 "s";
    .port_info 3 /OUTPUT 1 "cout";
L_0xf7a350 .functor XOR 1, L_0xf7aad0, L_0xf7ac00, C4<0>, C4<0>;
L_0xf7a240 .functor AND 1, L_0xf7aad0, L_0xf7ac00, C4<1>, C4<1>;
v0xf6fd50_0 .net "a", 0 0, L_0xf7aad0;  alias, 1 drivers
v0xf6fe30_0 .net "b", 0 0, L_0xf7ac00;  alias, 1 drivers
v0xf6fef0_0 .net "cout", 0 0, L_0xf7a240;  alias, 1 drivers
v0xf6ffc0_0 .net "s", 0 0, L_0xf7a350;  alias, 1 drivers
S_0xf70130 .scope module, "h1" "halfadder" 3 28, 3 10 0, S_0xf6f830;
 .timescale -9 -12;
    .port_info 0 /INPUT 1 "a";
    .port_info 1 /INPUT 1 "b";
    .port_info 2 /OUTPUT 1 "s";
    .port_info 3 /OUTPUT 1 "cout";
L_0xf7a760 .functor XOR 1, L_0xf7a350, L_0x7fe58dfe51c8, C4<0>, C4<0>;
L_0xf7a8b0 .functor AND 1, L_0xf7a350, L_0x7fe58dfe51c8, C4<1>, C4<1>;
v0xf703a0_0 .net "a", 0 0, L_0xf7a350;  alias, 1 drivers
v0xf70470_0 .net "b", 0 0, L_0x7fe58dfe51c8;  alias, 1 drivers
v0xf70510_0 .net "cout", 0 0, L_0xf7a8b0;  alias, 1 drivers
v0xf705e0_0 .net "s", 0 0, L_0xf7a760;  alias, 1 drivers
S_0xf70e00 .scope module, "a1" "fulladder" 3 41, 3 20 0, S_0xf6f5b0;
 .timescale -9 -12;
    .port_info 0 /INPUT 1 "cin";
    .port_info 1 /INPUT 1 "a";
    .port_info 2 /INPUT 1 "b";
    .port_info 3 /OUTPUT 1 "s";
    .port_info 4 /OUTPUT 1 "cout";
L_0xf7b020 .functor OR 1, L_0xf7adc0, L_0xf7af90, C4<0>, C4<0>;
v0xf71cd0_0 .net "a", 0 0, L_0xf7b0d0;  1 drivers
v0xf71d90_0 .net "b", 0 0, L_0xf7b200;  1 drivers
v0xf71e60_0 .net "cin", 0 0, L_0xf7a9b0;  alias, 1 drivers
v0xf71f80_0 .net "cout", 0 0, L_0xf7b020;  alias, 1 drivers
v0xf72020_0 .net "cout_tmp1", 0 0, L_0xf7adc0;  1 drivers
v0xf72110_0 .net "cout_tmp2", 0 0, L_0xf7af90;  1 drivers
v0xf721b0_0 .net "s", 0 0, L_0xf7ae50;  1 drivers
v0xf72280_0 .net "s_tmp", 0 0, L_0xf7ad30;  1 drivers
S_0xf71060 .scope module, "h0" "halfadder" 3 27, 3 10 0, S_0xf70e00;
 .timescale -9 -12;
    .port_info 0 /INPUT 1 "a";
    .port_info 1 /INPUT 1 "b";
    .port_info 2 /OUTPUT 1 "s";
    .port_info 3 /OUTPUT 1 "cout";
L_0xf7ad30 .functor XOR 1, L_0xf7b0d0, L_0xf7b200, C4<0>, C4<0>;
L_0xf7adc0 .functor AND 1, L_0xf7b0d0, L_0xf7b200, C4<1>, C4<1>;
v0xf712e0_0 .net "a", 0 0, L_0xf7b0d0;  alias, 1 drivers
v0xf713c0_0 .net "b", 0 0, L_0xf7b200;  alias, 1 drivers
v0xf71480_0 .net "cout", 0 0, L_0xf7adc0;  alias, 1 drivers
v0xf71550_0 .net "s", 0 0, L_0xf7ad30;  alias, 1 drivers
S_0xf716c0 .scope module, "h1" "halfadder" 3 28, 3 10 0, S_0xf70e00;
 .timescale -9 -12;
    .port_info 0 /INPUT 1 "a";
    .port_info 1 /INPUT 1 "b";
    .port_info 2 /OUTPUT 1 "s";
    .port_info 3 /OUTPUT 1 "cout";
L_0xf7ae50 .functor XOR 1, L_0xf7ad30, L_0xf7a9b0, C4<0>, C4<0>;
L_0xf7af90 .functor AND 1, L_0xf7ad30, L_0xf7a9b0, C4<1>, C4<1>;
v0xf71930_0 .net "a", 0 0, L_0xf7ad30;  alias, 1 drivers
v0xf71a00_0 .net "b", 0 0, L_0xf7a9b0;  alias, 1 drivers
v0xf71ad0_0 .net "cout", 0 0, L_0xf7af90;  alias, 1 drivers
v0xf71ba0_0 .net "s", 0 0, L_0xf7ae50;  alias, 1 drivers
S_0xf72910 .scope module, "a3" "fulladder2" 3 51, 3 33 0, S_0xf6f360;
 .timescale -9 -12;
    .port_info 0 /INPUT 1 "cin";
    .port_info 1 /INPUT 2 "a";
    .port_info 2 /INPUT 2 "b";
    .port_info 3 /OUTPUT 2 "s";
    .port_info 4 /OUTPUT 1 "cout";
v0xf756d0_0 .net "a", 1 0, L_0xf7c4f0;  1 drivers
v0xf757d0_0 .net "b", 1 0, L_0xf7c590;  1 drivers
v0xf758b0_0 .net "cin", 0 0, L_0xf7b020;  alias, 1 drivers
v0xf759e0_0 .net "cout", 0 0, L_0xf7c0f0;  1 drivers
v0xf75ab0_0 .net "cout_tmp", 0 0, L_0xf7baa0;  1 drivers
v0xf75b50_0 .net "s", 1 0, L_0xf7c450;  1 drivers
L_0xf7bb50 .part L_0xf7c4f0, 0, 1;
L_0xf7bc80 .part L_0xf7c590, 0, 1;
L_0xf7c1f0 .part L_0xf7c4f0, 1, 1;
L_0xf7c320 .part L_0xf7c590, 1, 1;
L_0xf7c450 .concat8 [ 1 1 0 0], L_0xf7b770, L_0xf7bed0;
S_0xf72b90 .scope module, "a0" "fulladder" 3 40, 3 20 0, S_0xf72910;
 .timescale -9 -12;
    .port_info 0 /INPUT 1 "cin";
    .port_info 1 /INPUT 1 "a";
    .port_info 2 /INPUT 1 "b";
    .port_info 3 /OUTPUT 1 "s";
    .port_info 4 /OUTPUT 1 "cout";
L_0xf7baa0 .functor OR 1, L_0xf7b690, L_0xf7b900, C4<0>, C4<0>;
v0xf73ac0_0 .net "a", 0 0, L_0xf7bb50;  1 drivers
v0xf73b80_0 .net "b", 0 0, L_0xf7bc80;  1 drivers
v0xf73c50_0 .net "cin", 0 0, L_0xf7b020;  alias, 1 drivers
v0xf73d20_0 .net "cout", 0 0, L_0xf7baa0;  alias, 1 drivers
v0xf73dc0_0 .net "cout_tmp1", 0 0, L_0xf7b690;  1 drivers
v0xf73eb0_0 .net "cout_tmp2", 0 0, L_0xf7b900;  1 drivers
v0xf73f80_0 .net "s", 0 0, L_0xf7b770;  1 drivers
v0xf74050_0 .net "s_tmp", 0 0, L_0xf7b560;  1 drivers
S_0xf72e20 .scope module, "h0" "halfadder" 3 27, 3 10 0, S_0xf72b90;
 .timescale -9 -12;
    .port_info 0 /INPUT 1 "a";
    .port_info 1 /INPUT 1 "b";
    .port_info 2 /OUTPUT 1 "s";
    .port_info 3 /OUTPUT 1 "cout";
L_0xf7b560 .functor XOR 1, L_0xf7bb50, L_0xf7bc80, C4<0>, C4<0>;
L_0xf7b690 .functor AND 1, L_0xf7bb50, L_0xf7bc80, C4<1>, C4<1>;
v0xf730c0_0 .net "a", 0 0, L_0xf7bb50;  alias, 1 drivers
v0xf731a0_0 .net "b", 0 0, L_0xf7bc80;  alias, 1 drivers
v0xf73260_0 .net "cout", 0 0, L_0xf7b690;  alias, 1 drivers
v0xf73330_0 .net "s", 0 0, L_0xf7b560;  alias, 1 drivers
S_0xf734a0 .scope module, "h1" "halfadder" 3 28, 3 10 0, S_0xf72b90;
 .timescale -9 -12;
    .port_info 0 /INPUT 1 "a";
    .port_info 1 /INPUT 1 "b";
    .port_info 2 /OUTPUT 1 "s";
    .port_info 3 /OUTPUT 1 "cout";
L_0xf7b770 .functor XOR 1, L_0xf7b560, L_0xf7b020, C4<0>, C4<0>;
L_0xf7b900 .functor AND 1, L_0xf7b560, L_0xf7b020, C4<1>, C4<1>;
v0xf73710_0 .net "a", 0 0, L_0xf7b560;  alias, 1 drivers
v0xf737e0_0 .net "b", 0 0, L_0xf7b020;  alias, 1 drivers
v0xf738d0_0 .net "cout", 0 0, L_0xf7b900;  alias, 1 drivers
v0xf73970_0 .net "s", 0 0, L_0xf7b770;  alias, 1 drivers
S_0xf74140 .scope module, "a1" "fulladder" 3 41, 3 20 0, S_0xf72910;
 .timescale -9 -12;
    .port_info 0 /INPUT 1 "cin";
    .port_info 1 /INPUT 1 "a";
    .port_info 2 /INPUT 1 "b";
    .port_info 3 /OUTPUT 1 "s";
    .port_info 4 /OUTPUT 1 "cout";
L_0xf7c0f0 .functor OR 1, L_0xf7be40, L_0xf7c060, C4<0>, C4<0>;
v0xf75030_0 .net "a", 0 0, L_0xf7c1f0;  1 drivers
v0xf750f0_0 .net "b", 0 0, L_0xf7c320;  1 drivers
v0xf751c0_0 .net "cin", 0 0, L_0xf7baa0;  alias, 1 drivers
v0xf752e0_0 .net "cout", 0 0, L_0xf7c0f0;  alias, 1 drivers
v0xf75380_0 .net "cout_tmp1", 0 0, L_0xf7be40;  1 drivers
v0xf75470_0 .net "cout_tmp2", 0 0, L_0xf7c060;  1 drivers
v0xf75510_0 .net "s", 0 0, L_0xf7bed0;  1 drivers
v0xf755e0_0 .net "s_tmp", 0 0, L_0xf7bdb0;  1 drivers
S_0xf743c0 .scope module, "h0" "halfadder" 3 27, 3 10 0, S_0xf74140;
 .timescale -9 -12;
    .port_info 0 /INPUT 1 "a";
    .port_info 1 /INPUT 1 "b";
    .port_info 2 /OUTPUT 1 "s";
    .port_info 3 /OUTPUT 1 "cout";
L_0xf7bdb0 .functor XOR 1, L_0xf7c1f0, L_0xf7c320, C4<0>, C4<0>;
L_0xf7be40 .functor AND 1, L_0xf7c1f0, L_0xf7c320, C4<1>, C4<1>;
v0xf74640_0 .net "a", 0 0, L_0xf7c1f0;  alias, 1 drivers
v0xf74720_0 .net "b", 0 0, L_0xf7c320;  alias, 1 drivers
v0xf747e0_0 .net "cout", 0 0, L_0xf7be40;  alias, 1 drivers
v0xf748b0_0 .net "s", 0 0, L_0xf7bdb0;  alias, 1 drivers
S_0xf74a20 .scope module, "h1" "halfadder" 3 28, 3 10 0, S_0xf74140;
 .timescale -9 -12;
    .port_info 0 /INPUT 1 "a";
    .port_info 1 /INPUT 1 "b";
    .port_info 2 /OUTPUT 1 "s";
    .port_info 3 /OUTPUT 1 "cout";
L_0xf7bed0 .functor XOR 1, L_0xf7bdb0, L_0xf7baa0, C4<0>, C4<0>;
L_0xf7c060 .functor AND 1, L_0xf7bdb0, L_0xf7baa0, C4<1>, C4<1>;
v0xf74c90_0 .net "a", 0 0, L_0xf7bdb0;  alias, 1 drivers
v0xf74d60_0 .net "b", 0 0, L_0xf7baa0;  alias, 1 drivers
v0xf74e30_0 .net "cout", 0 0, L_0xf7c060;  alias, 1 drivers
v0xf74f00_0 .net "s", 0 0, L_0xf7bed0;  alias, 1 drivers
    .scope S_0xf407e0;
T_1 ;
    %vpi_call 2 52 "$dumpfile", "rca.vcd" {0 0 0};
    %vpi_call 2 53 "$dumpvars" {0 0 0};
    %pushi/vec4 0, 0, 1;
    %store/vec4 v0xf77000_0, 0, 1;
    %pushi/vec4 0, 0, 1;
    %store/vec4 v0xf77780_0, 0, 1;
    %pushi/vec4 0, 0, 32;
    %store/vec4 v0xf77a30_0, 0, 32;
    %pushi/vec4 0, 0, 32;
    %store/vec4 v0xf781c0_0, 0, 32;
    %delay 100000, 0;
    %pushi/vec4 0, 0, 32;
    %store/vec4 v0xf780e0_0, 0, 32;
T_1.0 ;
    %load/vec4 v0xf780e0_0;
    %cmpi/s 3, 0, 32;
    %flag_or 5, 4;
    %jmp/0xz T_1.1, 5;
    %load/vec4 v0xf780e0_0;
    %parti/s 1, 0, 2;
    %store/vec4 v0xf77000_0, 0, 1;
    %load/vec4 v0xf780e0_0;
    %parti/s 1, 1, 2;
    %store/vec4 v0xf77780_0, 0, 1;
    %delay 6000, 0;
    %load/vec4 v0xf781c0_0;
    %addi 2, 0, 32;
    %store/vec4 v0xf781c0_0, 0, 32;
    %load/vec4 v0xf780e0_0;
    %dup/vec4;
    %pushi/vec4 0, 0, 32;
    %cmp/u;
    %jmp/1 T_1.2, 6;
    %dup/vec4;
    %pushi/vec4 3, 0, 32;
    %cmp/u;
    %jmp/1 T_1.3, 6;
    %dup/vec4;
    %pushi/vec4 1, 0, 32;
    %cmp/u;
    %jmp/1 T_1.4, 6;
    %dup/vec4;
    %pushi/vec4 2, 0, 32;
    %cmp/u;
    %jmp/1 T_1.5, 6;
    %jmp T_1.6;
T_1.2 ;
    %load/vec4 v0xf775e0_0;
    %pad/u 32;
    %cmpi/ne 0, 0, 32;
    %jmp/0xz  T_1.7, 6;
    %load/vec4 v0xf77a30_0;
    %cmpi/s 15, 0, 32;
    %jmp/0xz  T_1.9, 5;
    %vpi_call 2 78 "$display", "[halfadder] ERROR: %b + %b should produce sum=0 but was %b instead", v0xf77000_0, v0xf77780_0, v0xf775e0_0 {0 0 0};
T_1.9 ;
    %load/vec4 v0xf77a30_0;
    %addi 1, 0, 32;
    %store/vec4 v0xf77a30_0, 0, 32;
T_1.7 ;
    %jmp T_1.6;
T_1.3 ;
    %load/vec4 v0xf775e0_0;
    %pad/u 32;
    %cmpi/ne 0, 0, 32;
    %jmp/0xz  T_1.11, 6;
    %load/vec4 v0xf77a30_0;
    %cmpi/s 15, 0, 32;
    %jmp/0xz  T_1.13, 5;
    %vpi_call 2 78 "$display", "[halfadder] ERROR: %b + %b should produce sum=0 but was %b instead", v0xf77000_0, v0xf77780_0, v0xf775e0_0 {0 0 0};
T_1.13 ;
    %load/vec4 v0xf77a30_0;
    %addi 1, 0, 32;
    %store/vec4 v0xf77a30_0, 0, 32;
T_1.11 ;
    %jmp T_1.6;
T_1.4 ;
    %load/vec4 v0xf775e0_0;
    %pad/u 32;
    %cmpi/ne 1, 0, 32;
    %jmp/0xz  T_1.15, 6;
    %load/vec4 v0xf77a30_0;
    %cmpi/s 15, 0, 32;
    %jmp/0xz  T_1.17, 5;
    %vpi_call 2 85 "$display", "[halfadder] ERROR: %b + %b should produce sum=1 but was %b instead", v0xf77000_0, v0xf77780_0, v0xf775e0_0 {0 0 0};
T_1.17 ;
    %load/vec4 v0xf77a30_0;
    %addi 1, 0, 32;
    %store/vec4 v0xf77a30_0, 0, 32;
T_1.15 ;
    %jmp T_1.6;
T_1.5 ;
    %load/vec4 v0xf775e0_0;
    %pad/u 32;
    %cmpi/ne 1, 0, 32;
    %jmp/0xz  T_1.19, 6;
    %load/vec4 v0xf77a30_0;
    %cmpi/s 15, 0, 32;
    %jmp/0xz  T_1.21, 5;
    %vpi_call 2 85 "$display", "[halfadder] ERROR: %b + %b should produce sum=1 but was %b instead", v0xf77000_0, v0xf77780_0, v0xf775e0_0 {0 0 0};
T_1.21 ;
    %load/vec4 v0xf77a30_0;
    %addi 1, 0, 32;
    %store/vec4 v0xf77a30_0, 0, 32;
T_1.19 ;
    %jmp T_1.6;
T_1.6 ;
    %pop/vec4 1;
    %load/vec4 v0xf780e0_0;
    %cmpi/s 3, 0, 32;
    %flag_get/vec4 5;
    %pushi/vec4 0, 0, 32;
    %load/vec4 v0xf77540_0;
    %pad/u 32;
    %cmp/ne;
    %flag_get/vec4 6;
    %and;
    %flag_set/vec4 8;
    %jmp/0xz  T_1.23, 8;
    %load/vec4 v0xf77a30_0;
    %cmpi/s 15, 0, 32;
    %jmp/0xz  T_1.25, 5;
    %vpi_call 2 94 "$display", "[halfadder] ERROR: %b + %b should produce cout=0 but was %b instead", v0xf77000_0, v0xf77780_0, v0xf77540_0 {0 0 0};
T_1.25 ;
    %load/vec4 v0xf77a30_0;
    %addi 1, 0, 32;
    %store/vec4 v0xf77a30_0, 0, 32;
T_1.23 ;
    %load/vec4 v0xf780e0_0;
    %pushi/vec4 3, 0, 32;
    %cmp/e;
    %flag_get/vec4 4;
    %pushi/vec4 1, 0, 32;
    %load/vec4 v0xf77540_0;
    %pad/u 32;
    %cmp/ne;
    %flag_get/vec4 6;
    %and;
    %flag_set/vec4 8;
    %jmp/0xz  T_1.27, 8;
    %load/vec4 v0xf77a30_0;
    %cmpi/s 15, 0, 32;
    %jmp/0xz  T_1.29, 5;
    %vpi_call 2 100 "$display", "[halfadder] ERROR: %b + %b should produce cout=1 but was %b instead", v0xf77000_0, v0xf77780_0, v0xf77540_0 {0 0 0};
T_1.29 ;
    %load/vec4 v0xf77a30_0;
    %addi 1, 0, 32;
    %store/vec4 v0xf77a30_0, 0, 32;
T_1.27 ;
    %load/vec4 v0xf780e0_0;
    %addi 1, 0, 32;
    %store/vec4 v0xf780e0_0, 0, 32;
    %jmp T_1.0;
T_1.1 ;
    %pushi/vec4 0, 0, 32;
    %store/vec4 v0xf780e0_0, 0, 32;
T_1.31 ;
    %load/vec4 v0xf780e0_0;
    %cmpi/s 7, 0, 32;
    %flag_or 5, 4;
    %jmp/0xz T_1.32, 5;
    %load/vec4 v0xf780e0_0;
    %parti/s 1, 0, 2;
    %store/vec4 v0xf77000_0, 0, 1;
    %load/vec4 v0xf780e0_0;
    %parti/s 1, 1, 2;
    %store/vec4 v0xf77780_0, 0, 1;
    %load/vec4 v0xf780e0_0;
    %parti/s 1, 2, 3;
    %store/vec4 v0xf77990_0, 0, 1;
    %delay 6000, 0;
    %load/vec4 v0xf781c0_0;
    %addi 2, 0, 32;
    %store/vec4 v0xf781c0_0, 0, 32;
    %load/vec4 v0xf77e80_0;
    %load/vec4 v0xf77380_0;
    %cmp/ne;
    %jmp/0xz  T_1.33, 6;
    %load/vec4 v0xf77a30_0;
    %cmpi/s 15, 0, 32;
    %jmp/0xz  T_1.35, 5;
    %vpi_call 2 120 "$display", "[fulladder] ERROR: %b + %b should produce cout=%b but was %b instead", v0xf77000_0, v0xf77780_0, v0xf77e80_0, v0xf77380_0 {0 0 0};
T_1.35 ;
    %load/vec4 v0xf77a30_0;
    %addi 1, 0, 32;
    %store/vec4 v0xf77a30_0, 0, 32;
T_1.33 ;
    %load/vec4 v0xf77f40_0;
    %load/vec4 v0xf77450_0;
    %cmp/ne;
    %jmp/0xz  T_1.37, 6;
    %load/vec4 v0xf77a30_0;
    %cmpi/s 15, 0, 32;
    %jmp/0xz  T_1.39, 5;
    %vpi_call 2 126 "$display", "[fulladder] ERROR: %b + %b should produce sum=%b but was %b instead", v0xf77000_0, v0xf77780_0, v0xf77f40_0, v0xf77450_0 {0 0 0};
T_1.39 ;
    %load/vec4 v0xf77a30_0;
    %addi 1, 0, 32;
    %store/vec4 v0xf77a30_0, 0, 32;
T_1.37 ;
    %load/vec4 v0xf780e0_0;
    %addi 1, 0, 32;
    %store/vec4 v0xf780e0_0, 0, 32;
    %jmp T_1.31;
T_1.32 ;
    %pushi/vec4 0, 0, 32;
    %store/vec4 v0xf780e0_0, 0, 32;
T_1.41 ;
    %load/vec4 v0xf780e0_0;
    %cmpi/s 31, 0, 32;
    %flag_or 5, 4;
    %jmp/0xz T_1.42, 5;
    %load/vec4 v0xf780e0_0;
    %parti/s 2, 0, 2;
    %store/vec4 v0xf770a0_0, 0, 2;
    %load/vec4 v0xf780e0_0;
    %parti/s 2, 2, 3;
    %store/vec4 v0xf77820_0, 0, 2;
    %load/vec4 v0xf780e0_0;
    %parti/s 1, 4, 4;
    %store/vec4 v0xf77990_0, 0, 1;
    %delay 6000, 0;
    %load/vec4 v0xf781c0_0;
    %addi 2, 0, 32;
    %store/vec4 v0xf781c0_0, 0, 32;
    %load/vec4 v0xf77ad0_0;
    %load/vec4 v0xf77220_0;
    %cmp/ne;
    %jmp/0xz  T_1.43, 6;
    %load/vec4 v0xf77a30_0;
    %cmpi/s 15, 0, 32;
    %jmp/0xz  T_1.45, 5;
    %vpi_call 2 145 "$display", "[fulladder2] ERROR: %b + %b should produce cout=%b but was %b instead", v0xf770a0_0, v0xf77820_0, v0xf77ad0_0, v0xf77220_0 {0 0 0};
T_1.45 ;
    %load/vec4 v0xf77a30_0;
    %addi 1, 0, 32;
    %store/vec4 v0xf77a30_0, 0, 32;
T_1.43 ;
    %load/vec4 v0xf77da0_0;
    %load/vec4 v0xf772c0_0;
    %cmp/ne;
    %jmp/0xz  T_1.47, 6;
    %load/vec4 v0xf77a30_0;
    %cmpi/s 15, 0, 32;
    %jmp/0xz  T_1.49, 5;
    %vpi_call 2 151 "$display", "[fulladder2] ERROR: %b + %b should produce sum=%b but was %b instead", v0xf770a0_0, v0xf77820_0, v0xf77da0_0, v0xf772c0_0 {0 0 0};
T_1.49 ;
    %load/vec4 v0xf77a30_0;
    %addi 1, 0, 32;
    %store/vec4 v0xf77a30_0, 0, 32;
T_1.47 ;
    %load/vec4 v0xf780e0_0;
    %addi 1, 0, 32;
    %store/vec4 v0xf780e0_0, 0, 32;
    %jmp T_1.41;
T_1.42 ;
    %pushi/vec4 0, 0, 32;
    %store/vec4 v0xf780e0_0, 0, 32;
T_1.51 ;
    %load/vec4 v0xf780e0_0;
    %cmpi/s 255, 0, 32;
    %flag_or 5, 4;
    %jmp/0xz T_1.52, 5;
    %load/vec4 v0xf780e0_0;
    %parti/s 4, 0, 2;
    %store/vec4 v0xf77160_0, 0, 4;
    %load/vec4 v0xf780e0_0;
    %parti/s 4, 4, 4;
    %store/vec4 v0xf778f0_0, 0, 4;
    %delay 6000, 0;
    %load/vec4 v0xf781c0_0;
    %addi 1, 0, 32;
    %store/vec4 v0xf781c0_0, 0, 32;
    %load/vec4 v0xf78000_0;
    %pad/u 8;
    %load/vec4 v0xf776b0_0;
    %cmp/ne;
    %jmp/0xz  T_1.53, 6;
    %load/vec4 v0xf77a30_0;
    %cmpi/s 15, 0, 32;
    %jmp/0xz  T_1.55, 5;
    %vpi_call 2 170 "$display", "[rca4] ERROR: %b + %b should produce sum=%b but was %b instead", v0xf77160_0, v0xf778f0_0, v0xf78000_0, v0xf776b0_0 {0 0 0};
T_1.55 ;
    %load/vec4 v0xf77a30_0;
    %addi 1, 0, 32;
    %store/vec4 v0xf77a30_0, 0, 32;
T_1.53 ;
    %load/vec4 v0xf780e0_0;
    %addi 1, 0, 32;
    %store/vec4 v0xf780e0_0, 0, 32;
    %jmp T_1.51;
T_1.52 ;
    %load/vec4 v0xf77a30_0;
    %cmpi/s 15, 0, 32;
    %flag_or 5, 4; GT is !LE
    %flag_inv 5;
    %jmp/0xz  T_1.57, 5;
    %load/vec4 v0xf77a30_0;
    %subi 15, 0, 32;
    %vpi_call 2 177 "$display", "Additional %d errors NOT printed.", S<0,vec4,s32> {1 0 0};
T_1.57 ;
    %vpi_call 2 179 "$display", "Simulation finished: %d test cases %d errors", v0xf781c0_0, v0xf77a30_0 {0 0 0};
    %load/vec4 v0xf781c0_0;
    %store/vec4 v0xf6f280_0, 0, 32;
    %load/vec4 v0xf781c0_0;
    %load/vec4 v0xf77a30_0;
    %sub;
    %store/vec4 v0xf6f180_0, 0, 32;
    %fork TD_test_adders.printPoints, S_0xf6efa0;
    %join;
    %vpi_call 2 181 "$finish" {0 0 0};
    %end;
    .thread T_1;
# The file index is used to find the file name in the following table.
:file_names 5;
    "N/A";
    "<interactive>";
    "rca_testbench.v";
    "rca.v";
    "./print_points.v";
